<?xml version="1.0" encoding="UTF-8"?>
<coverage generated="1761433517053" clover="3.2.0">
  <project timestamp="1761433517053" name="All files">
    <metrics statements="214" coveredstatements="102" conditionals="211" coveredconditionals="105" methods="82" coveredmethods="35" elements="507" coveredelements="242" complexity="0" loc="214" ncloc="214" packages="2" files="4" classes="4"/>
    <package name="components.profile">
      <metrics statements="145" coveredstatements="102" conditionals="139" coveredconditionals="105" methods="64" coveredmethods="35"/>
      <file name="EditProfileModal.tsx" path="/Users/icebergslim/projects/voyager-RN/src/components/profile/EditProfileModal.tsx">
        <metrics statements="114" coveredstatements="86" conditionals="103" coveredconditionals="88" methods="53" coveredmethods="28"/>
        <line num="31" count="1" type="stmt"/>
        <line num="32" count="396" type="stmt"/>
        <line num="34" count="396" type="stmt"/>
        <line num="35" count="138" type="stmt"/>
        <line num="38" count="396" type="stmt"/>
        <line num="39" count="0" type="stmt"/>
        <line num="40" count="0" type="stmt"/>
        <line num="43" count="396" type="stmt"/>
        <line num="64" count="2376" type="stmt"/>
        <line num="93" count="1" type="stmt"/>
        <line num="94" count="1" type="stmt"/>
        <line num="95" count="1" type="stmt"/>
        <line num="96" count="1" type="stmt"/>
        <line num="97" count="1" type="stmt"/>
        <line num="99" count="1" type="stmt"/>
        <line num="105" count="74" type="stmt"/>
        <line num="106" count="74" type="stmt"/>
        <line num="107" count="74" type="stmt"/>
        <line num="110" count="74" type="stmt"/>
        <line num="111" count="74" type="stmt"/>
        <line num="112" count="74" type="stmt"/>
        <line num="113" count="74" type="stmt"/>
        <line num="114" count="74" type="stmt"/>
        <line num="115" count="74" type="stmt"/>
        <line num="117" count="74" type="stmt"/>
        <line num="118" count="24" type="stmt"/>
        <line num="119" count="24" type="stmt"/>
        <line num="122" count="74" type="stmt"/>
        <line num="123" count="10" type="cond" truecount="1" falsecount="1"/>
        <line num="124" count="10" type="stmt"/>
        <line num="125" count="10" type="stmt"/>
        <line num="126" count="10" type="stmt"/>
        <line num="127" count="10" type="stmt"/>
        <line num="128" count="10" type="cond" truecount="5" falsecount="0"/>
        <line num="129" count="9" type="stmt"/>
        <line num="131" count="1" type="stmt"/>
        <line num="134" count="74" type="stmt"/>
        <line num="135" count="11" type="stmt"/>
        <line num="137" count="11" type="cond" truecount="2" falsecount="0"/>
        <line num="138" count="2" type="stmt"/>
        <line num="141" count="11" type="cond" truecount="2" falsecount="0"/>
        <line num="142" count="1" type="stmt"/>
        <line num="143" count="10" type="cond" truecount="2" falsecount="0"/>
        <line num="144" count="1" type="stmt"/>
        <line num="147" count="11" type="cond" truecount="2" falsecount="0"/>
        <line num="148" count="1" type="stmt"/>
        <line num="151" count="11" type="cond" truecount="2" falsecount="0"/>
        <line num="152" count="1" type="stmt"/>
        <line num="155" count="11" type="cond" truecount="2" falsecount="0"/>
        <line num="156" count="1" type="stmt"/>
        <line num="159" count="11" type="cond" truecount="2" falsecount="0"/>
        <line num="160" count="1" type="stmt"/>
        <line num="163" count="11" type="stmt"/>
        <line num="164" count="11" type="stmt"/>
        <line num="167" count="74" type="stmt"/>
        <line num="168" count="11" type="cond" truecount="2" falsecount="0"/>
        <line num="169" count="8" type="stmt"/>
        <line num="172" count="3" type="stmt"/>
        <line num="173" count="3" type="stmt"/>
        <line num="174" count="3" type="stmt"/>
        <line num="175" count="1" type="stmt"/>
        <line num="177" count="0" type="stmt"/>
        <line num="178" count="0" type="stmt"/>
        <line num="180" count="1" type="stmt"/>
        <line num="184" count="74" type="stmt"/>
        <line num="185" count="8" type="stmt"/>
        <line num="186" count="8" type="cond" truecount="2" falsecount="0"/>
        <line num="187" count="1" type="stmt"/>
        <line num="188" count="1" type="stmt"/>
        <line num="189" count="1" type="stmt"/>
        <line num="190" count="1" type="stmt"/>
        <line num="195" count="74" type="stmt"/>
        <line num="243" count="4" type="stmt"/>
        <line num="259" count="3" type="stmt"/>
        <line num="275" count="1" type="stmt"/>
        <line num="291" count="0" type="stmt"/>
        <line num="294" count="65" type="cond" truecount="3" falsecount="1"/>
        <line num="300" count="0" type="stmt"/>
        <line num="301" count="0" type="stmt"/>
        <line num="306" count="204" type="stmt"/>
        <line num="314" count="0" type="stmt"/>
        <line num="319" count="18" type="stmt"/>
        <line num="336" count="0" type="stmt"/>
        <line num="345" count="0" type="stmt"/>
        <line num="346" count="0" type="stmt"/>
        <line num="351" count="340" type="stmt"/>
        <line num="359" count="0" type="stmt"/>
        <line num="364" count="30" type="stmt"/>
        <line num="381" count="0" type="stmt"/>
        <line num="384" count="65" type="cond" truecount="3" falsecount="1"/>
        <line num="390" count="0" type="stmt"/>
        <line num="391" count="0" type="stmt"/>
        <line num="396" count="476" type="stmt"/>
        <line num="404" count="0" type="stmt"/>
        <line num="409" count="42" type="stmt"/>
        <line num="426" count="0" type="stmt"/>
        <line num="435" count="0" type="stmt"/>
        <line num="436" count="0" type="stmt"/>
        <line num="441" count="476" type="stmt"/>
        <line num="449" count="0" type="stmt"/>
        <line num="454" count="42" type="stmt"/>
        <line num="468" count="0" type="stmt"/>
        <line num="477" count="0" type="stmt"/>
        <line num="478" count="0" type="stmt"/>
        <line num="483" count="272" type="stmt"/>
        <line num="491" count="0" type="stmt"/>
        <line num="496" count="24" type="stmt"/>
        <line num="510" count="0" type="stmt"/>
        <line num="519" count="0" type="stmt"/>
        <line num="520" count="0" type="stmt"/>
        <line num="525" count="272" type="stmt"/>
        <line num="533" count="0" type="stmt"/>
        <line num="538" count="24" type="stmt"/>
        <line num="552" count="1" type="stmt"/>
      </file>
      <file name="PhotoGrid.tsx" path="/Users/icebergslim/projects/voyager-RN/src/components/profile/PhotoGrid.tsx">
        <metrics statements="16" coveredstatements="16" conditionals="18" coveredconditionals="17" methods="7" coveredmethods="7"/>
        <line num="19" count="1" type="stmt"/>
        <line num="20" count="1" type="stmt"/>
        <line num="36" count="1" type="stmt"/>
        <line num="42" count="23" type="stmt"/>
        <line num="43" count="65" type="stmt"/>
        <line num="45" count="2" type="stmt"/>
        <line num="53" count="23" type="stmt"/>
        <line num="54" count="14" type="cond" truecount="3" falsecount="1"/>
        <line num="56" count="14" type="stmt"/>
        <line num="69" count="23" type="stmt"/>
        <line num="70" count="5" type="stmt"/>
        <line num="83" count="23" type="cond" truecount="4" falsecount="0"/>
        <line num="87" count="23" type="stmt"/>
        <line num="102" count="79" type="cond" truecount="2" falsecount="0"/>
        <line num="104" count="131" type="stmt"/>
        <line num="114" count="1" type="stmt"/>
      </file>
      <file name="ProfileHeader.tsx" path="/Users/icebergslim/projects/voyager-RN/src/components/profile/ProfileHeader.tsx">
        <metrics statements="15" coveredstatements="0" conditionals="18" coveredconditionals="0" methods="4" coveredmethods="0"/>
        <line num="28" count="0" type="stmt"/>
        <line num="37" count="0" type="stmt"/>
        <line num="38" count="0" type="cond" truecount="0" falsecount="2"/>
        <line num="39" count="0" type="stmt"/>
        <line num="42" count="0" type="stmt"/>
        <line num="45" count="0" type="stmt"/>
        <line num="46" count="0" type="cond" truecount="0" falsecount="2"/>
        <line num="47" count="0" type="cond" truecount="0" falsecount="2"/>
        <line num="48" count="0" type="stmt"/>
        <line num="51" count="0" type="stmt"/>
        <line num="52" count="0" type="cond" truecount="0" falsecount="2"/>
        <line num="53" count="0" type="cond" truecount="0" falsecount="2"/>
        <line num="54" count="0" type="stmt"/>
        <line num="57" count="0" type="stmt"/>
        <line num="119" count="0" type="stmt"/>
      </file>
    </package>
    <package name="pages">
      <metrics statements="69" coveredstatements="0" conditionals="72" coveredconditionals="0" methods="18" coveredmethods="0"/>
      <file name="ProfilePage.tsx" path="/Users/icebergslim/projects/voyager-RN/src/pages/ProfilePage.tsx">
        <metrics statements="69" coveredstatements="0" conditionals="72" coveredconditionals="0" methods="18" coveredmethods="0"/>
        <line num="30" count="0" type="stmt"/>
        <line num="31" count="0" type="stmt"/>
        <line num="32" count="0" type="stmt"/>
        <line num="34" count="0" type="stmt"/>
        <line num="35" count="0" type="stmt"/>
        <line num="36" count="0" type="stmt"/>
        <line num="39" count="0" type="stmt"/>
        <line num="40" count="0" type="cond" truecount="0" falsecount="2"/>
        <line num="42" count="0" type="stmt"/>
        <line num="43" count="0" type="stmt"/>
        <line num="53" count="0" type="cond" truecount="0" falsecount="2"/>
        <line num="54" count="0" type="cond" truecount="0" falsecount="2"/>
        <line num="55" count="0" type="cond" truecount="0" falsecount="2"/>
        <line num="56" count="0" type="cond" truecount="0" falsecount="2"/>
        <line num="57" count="0" type="cond" truecount="0" falsecount="2"/>
        <line num="58" count="0" type="cond" truecount="0" falsecount="2"/>
        <line num="59" count="0" type="cond" truecount="0" falsecount="2"/>
        <line num="61" count="0" type="stmt"/>
        <line num="64" count="0" type="stmt"/>
        <line num="65" count="0" type="stmt"/>
        <line num="68" count="0" type="stmt"/>
        <line num="69" count="0" type="stmt"/>
        <line num="70" count="0" type="stmt"/>
        <line num="71" count="0" type="stmt"/>
        <line num="73" count="0" type="stmt"/>
        <line num="74" count="0" type="stmt"/>
        <line num="75" count="0" type="stmt"/>
        <line num="79" count="0" type="stmt"/>
        <line num="80" count="0" type="stmt"/>
        <line num="82" count="0" type="stmt"/>
        <line num="84" count="0" type="cond" truecount="0" falsecount="2"/>
        <line num="85" count="0" type="stmt"/>
        <line num="86" count="0" type="stmt"/>
        <line num="90" count="0" type="stmt"/>
        <line num="97" count="0" type="cond" truecount="0" falsecount="4"/>
        <line num="99" count="0" type="stmt"/>
        <line num="105" count="0" type="stmt"/>
        <line num="106" count="0" type="stmt"/>
        <line num="109" count="0" type="stmt"/>
        <line num="110" count="0" type="stmt"/>
        <line num="114" count="0" type="stmt"/>
        <line num="116" count="0" type="cond" truecount="0" falsecount="2"/>
        <line num="117" count="0" type="cond" truecount="0" falsecount="2"/>
        <line num="119" count="0" type="cond" truecount="0" falsecount="2"/>
        <line num="120" count="0" type="stmt"/>
        <line num="126" count="0" type="stmt"/>
        <line num="127" count="0" type="stmt"/>
        <line num="128" count="0" type="stmt"/>
        <line num="131" count="0" type="stmt"/>
        <line num="132" count="0" type="stmt"/>
        <line num="133" count="0" type="stmt"/>
        <line num="136" count="0" type="stmt"/>
        <line num="140" count="0" type="cond" truecount="0" falsecount="2"/>
        <line num="141" count="0" type="stmt"/>
        <line num="150" count="0" type="stmt"/>
        <line num="162" count="0" type="stmt"/>
        <line num="163" count="0" type="cond" truecount="0" falsecount="5"/>
        <line num="165" count="0" type="stmt"/>
        <line num="204" count="0" type="stmt"/>
        <line num="214" count="0" type="stmt"/>
        <line num="221" count="0" type="stmt"/>
        <line num="228" count="0" type="stmt"/>
        <line num="232" count="0" type="stmt"/>
        <line num="250" count="0" type="stmt"/>
        <line num="259" count="0" type="stmt"/>
        <line num="268" count="0" type="stmt"/>
        <line num="277" count="0" type="stmt"/>
        <line num="292" count="0" type="stmt"/>
        <line num="300" count="0" type="stmt"/>
      </file>
    </package>
  </project>
</coverage>
