<?xml version="1.0" encoding="UTF-8"?>
<coverage generated="1761605960332" clover="3.2.0">
  <project timestamp="1761605960332" name="All files">
    <metrics statements="123" coveredstatements="119" conditionals="76" coveredconditionals="61" methods="24" coveredmethods="23" elements="223" coveredelements="203" complexity="0" loc="123" ncloc="123" packages="2" files="2" classes="2"/>
    <package name="components.video">
      <metrics statements="39" coveredstatements="38" conditionals="26" coveredconditionals="23" methods="11" coveredmethods="10"/>
      <file name="VideoGrid.tsx" path="/Users/icebergslim/projects/voyager-RN/src/components/video/VideoGrid.tsx">
        <metrics statements="39" coveredstatements="38" conditionals="26" coveredconditionals="23" methods="11" coveredmethods="10"/>
        <line num="25" count="1" type="stmt"/>
        <line num="26" count="1" type="stmt"/>
        <line num="27" count="1" type="stmt"/>
        <line num="29" count="1" type="stmt"/>
        <line num="36" count="124" type="stmt"/>
        <line num="38" count="124" type="stmt"/>
        <line num="39" count="123" type="stmt"/>
        <line num="40" count="123" type="stmt"/>
        <line num="41" count="123" type="stmt"/>
        <line num="44" count="123" type="stmt"/>
        <line num="45" count="29" type="stmt"/>
        <line num="46" count="29" type="stmt"/>
        <line num="47" count="29" type="stmt"/>
        <line num="48" count="29" type="stmt"/>
        <line num="51" count="123" type="stmt"/>
        <line num="52" count="23" type="stmt"/>
        <line num="55" count="123" type="stmt"/>
        <line num="56" count="4" type="stmt"/>
        <line num="57" count="4" type="cond" truecount="1" falsecount="1"/>
        <line num="59" count="4" type="stmt"/>
        <line num="62" count="4" type="stmt"/>
        <line num="69" count="4" type="stmt"/>
        <line num="71" count="4" type="cond" truecount="1" falsecount="1"/>
        <line num="72" count="4" type="stmt"/>
        <line num="73" count="4" type="stmt"/>
        <line num="77" count="123" type="stmt"/>
        <line num="78" count="3" type="stmt"/>
        <line num="87" count="2" type="stmt"/>
        <line num="88" count="2" type="cond" truecount="1" falsecount="1"/>
        <line num="89" count="2" type="stmt"/>
        <line num="90" count="2" type="stmt"/>
        <line num="98" count="123" type="stmt"/>
        <line num="99" count="67" type="stmt"/>
        <line num="101" count="4" type="stmt"/>
        <line num="102" count="3" type="stmt"/>
        <line num="122" count="123" type="stmt"/>
        <line num="184" count="0" type="stmt"/>
        <line num="189" count="1" type="stmt"/>
        <line num="221" count="1" type="stmt"/>
      </file>
    </package>
    <package name="hooks.photo">
      <metrics statements="84" coveredstatements="81" conditionals="50" coveredconditionals="38" methods="13" coveredmethods="13"/>
      <file name="usePhotoUpload.ts" path="/Users/icebergslim/projects/voyager-RN/src/hooks/photo/usePhotoUpload.ts">
        <metrics statements="84" coveredstatements="81" conditionals="50" coveredconditionals="38" methods="13" coveredmethods="13"/>
        <line num="64" count="1" type="stmt"/>
        <line num="65" count="91" type="stmt"/>
        <line num="66" count="91" type="cond" truecount="2" falsecount="0"/>
        <line num="69" count="91" type="stmt"/>
        <line num="71" count="91" type="stmt"/>
        <line num="81" count="91" type="stmt"/>
        <line num="82" count="14" type="stmt"/>
        <line num="93" count="91" type="stmt"/>
        <line num="94" count="2" type="stmt"/>
        <line num="103" count="91" type="stmt"/>
        <line num="104" count="3" type="cond" truecount="2" falsecount="0"/>
        <line num="105" count="1" type="stmt"/>
        <line num="108" count="2" type="stmt"/>
        <line num="109" count="2" type="cond" truecount="2" falsecount="0"/>
        <line num="110" count="1" type="stmt"/>
        <line num="115" count="1" type="stmt"/>
        <line num="117" count="1" type="stmt"/>
        <line num="123" count="91" type="stmt"/>
        <line num="124" count="18" type="cond" truecount="2" falsecount="0"/>
        <line num="125" count="1" type="stmt"/>
        <line num="129" count="17" type="cond" truecount="2" falsecount="0"/>
        <line num="130" count="1" type="stmt"/>
        <line num="131" count="1" type="stmt"/>
        <line num="135" count="16" type="stmt"/>
        <line num="136" count="16" type="stmt"/>
        <line num="137" count="16" type="stmt"/>
        <line num="139" count="16" type="stmt"/>
        <line num="140" count="16" type="stmt"/>
        <line num="142" count="16" type="cond" truecount="2" falsecount="0"/>
        <line num="143" count="2" type="stmt"/>
        <line num="150" count="16" type="stmt"/>
        <line num="156" count="91" type="stmt"/>
        <line num="161" count="14" type="cond" truecount="2" falsecount="0"/>
        <line num="162" count="1" type="stmt"/>
        <line num="166" count="1" type="stmt"/>
        <line num="169" count="13" type="stmt"/>
        <line num="171" count="13" type="stmt"/>
        <line num="174" count="13" type="stmt"/>
        <line num="175" count="13" type="cond" truecount="2" falsecount="0"/>
        <line num="176" count="1" type="stmt"/>
        <line num="177" count="1" type="stmt"/>
        <line num="181" count="12" type="stmt"/>
        <line num="182" count="12" type="stmt"/>
        <line num="192" count="11" type="cond" truecount="2" falsecount="0"/>
        <line num="193" count="1" type="stmt"/>
        <line num="196" count="10" type="stmt"/>
        <line num="197" count="10" type="cond" truecount="1" falsecount="1"/>
        <line num="198" count="0" type="stmt"/>
        <line num="202" count="10" type="stmt"/>
        <line num="210" count="10" type="stmt"/>
        <line num="218" count="7" type="stmt"/>
        <line num="226" count="7" type="cond" truecount="1" falsecount="1"/>
        <line num="227" count="7" type="stmt"/>
        <line num="234" count="7" type="stmt"/>
        <line num="237" count="7" type="stmt"/>
        <line num="239" count="4" type="cond" truecount="1" falsecount="1"/>
        <line num="243" count="4" type="stmt"/>
        <line num="250" count="4" type="stmt"/>
        <line num="251" count="4" type="stmt"/>
        <line num="260" count="91" type="stmt"/>
        <line num="262" count="5" type="cond" truecount="2" falsecount="0"/>
        <line num="263" count="1" type="stmt"/>
        <line num="267" count="1" type="stmt"/>
        <line num="270" count="4" type="stmt"/>
        <line num="271" count="4" type="stmt"/>
        <line num="278" count="4" type="stmt"/>
        <line num="281" count="2" type="cond" truecount="1" falsecount="1"/>
        <line num="282" count="2" type="stmt"/>
        <line num="289" count="2" type="stmt"/>
        <line num="292" count="2" type="stmt"/>
        <line num="299" count="2" type="cond" truecount="1" falsecount="1"/>
        <line num="303" count="2" type="stmt"/>
        <line num="310" count="2" type="stmt"/>
        <line num="316" count="91" type="stmt"/>
        <line num="337" count="17" type="stmt"/>
        <line num="338" count="17" type="stmt"/>
        <line num="341" count="10" type="cond" truecount="1" falsecount="1"/>
        <line num="342" count="0" type="cond" truecount="0" falsecount="2"/>
        <line num="347" count="0" type="stmt"/>
        <line num="352" count="10" type="cond" truecount="2" falsecount="0"/>
        <line num="353" count="7" type="stmt"/>
        <line num="358" count="7" type="stmt"/>
        <line num="360" count="7" type="stmt"/>
        <line num="363" count="3" type="stmt"/>
      </file>
    </package>
  </project>
</coverage>
