{"/Users/icebergslim/projects/voyager-RN/src/context/AlertContext.tsx": {"path":"/Users/icebergslim/projects/voyager-RN/src/context/AlertContext.tsx","statementMap":{"0":{"start":{"line":14,"column":21},"end":{"line":14,"column":75}},"1":{"start":{"line":20,"column":52},"end":{"line":35,"column":1}},"2":{"start":{"line":21,"column":20},"end":{"line":28,"column":3}},"3":{"start":{"line":23,"column":18},"end":{"line":25,"column":61}},"4":{"start":{"line":27,"column":4},"end":{"line":27,"column":32}},"5":{"start":{"line":30,"column":2},"end":{"line":34,"column":4}},"6":{"start":{"line":38,"column":24},"end":{"line":44,"column":1}},"7":{"start":{"line":39,"column":18},"end":{"line":39,"column":42}},"8":{"start":{"line":40,"column":2},"end":{"line":42,"column":3}},"9":{"start":{"line":41,"column":4},"end":{"line":41,"column":69}},"10":{"start":{"line":43,"column":2},"end":{"line":43,"column":17}}},"fnMap":{"0":{"name":"(anonymous_0)","decl":{"start":{"line":20,"column":52},"end":{"line":20,"column":53}},"loc":{"start":{"line":20,"column":70},"end":{"line":35,"column":1}},"line":20},"1":{"name":"(anonymous_1)","decl":{"start":{"line":21,"column":20},"end":{"line":21,"column":21}},"loc":{"start":{"line":21,"column":59},"end":{"line":28,"column":3}},"line":21},"2":{"name":"(anonymous_2)","decl":{"start":{"line":38,"column":24},"end":{"line":38,"column":25}},"loc":{"start":{"line":38,"column":48},"end":{"line":44,"column":1}},"line":38}},"branchMap":{"0":{"loc":{"start":{"line":23,"column":18},"end":{"line":25,"column":61}},"type":"cond-expr","locations":[{"start":{"line":23,"column":41},"end":{"line":23,"column":48}},{"start":{"line":24,"column":18},"end":{"line":25,"column":61}}],"line":23},"1":{"loc":{"start":{"line":24,"column":18},"end":{"line":25,"column":61}},"type":"cond-expr","locations":[{"start":{"line":24,"column":43},"end":{"line":24,"column":52}},{"start":{"line":25,"column":18},"end":{"line":25,"column":61}}],"line":24},"2":{"loc":{"start":{"line":25,"column":18},"end":{"line":25,"column":61}},"type":"cond-expr","locations":[{"start":{"line":25,"column":43},"end":{"line":25,"column":52}},{"start":{"line":25,"column":55},"end":{"line":25,"column":61}}],"line":25},"3":{"loc":{"start":{"line":40,"column":2},"end":{"line":42,"column":3}},"type":"if","locations":[{"start":{"line":40,"column":2},"end":{"line":42,"column":3}},{"start":{},"end":{}}],"line":40}},"s":{"0":1,"1":1,"2":0,"3":0,"4":0,"5":0,"6":1,"7":0,"8":0,"9":0,"10":0},"f":{"0":0,"1":0,"2":0},"b":{"0":[0,0],"1":[0,0],"2":[0,0],"3":[0,0]},"_coverageSchema":"1a1c01bbd47fc00a2c39e90264f33305004495a9","hash":"41830d5740f2d1b862010727e1b6d784c732d385"}
,"/Users/icebergslim/projects/voyager-RN/src/context/AuthContext.tsx": {"path":"/Users/icebergslim/projects/voyager-RN/src/context/AuthContext.tsx","statementMap":{"0":{"start":{"line":15,"column":20},"end":{"line":15,"column":74}},"1":{"start":{"line":23,"column":57},"end":{"line":100,"column":1}},"2":{"start":{"line":24,"column":28},"end":{"line":24,"column":106}},"3":{"start":{"line":26,"column":2},"end":{"line":44,"column":34}},"4":{"start":{"line":28,"column":17},"end":{"line":42,"column":5}},"5":{"start":{"line":29,"column":6},"end":{"line":29,"column":53}},"6":{"start":{"line":29,"column":23},"end":{"line":29,"column":50}},"7":{"start":{"line":30,"column":6},"end":{"line":41,"column":7}},"8":{"start":{"line":31,"column":23},"end":{"line":31,"column":47}},"9":{"start":{"line":32,"column":8},"end":{"line":38,"column":9}},"10":{"start":{"line":34,"column":23},"end":{"line":34,"column":57}},"11":{"start":{"line":35,"column":10},"end":{"line":35,"column":91}},"12":{"start":{"line":37,"column":10},"end":{"line":37,"column":78}},"13":{"start":{"line":40,"column":8},"end":{"line":40,"column":103}},"14":{"start":{"line":43,"column":4},"end":{"line":43,"column":11}},"15":{"start":{"line":46,"column":17},"end":{"line":56,"column":3}},"16":{"start":{"line":47,"column":4},"end":{"line":47,"column":64}},"17":{"start":{"line":47,"column":21},"end":{"line":47,"column":61}},"18":{"start":{"line":48,"column":4},"end":{"line":55,"column":5}},"19":{"start":{"line":49,"column":18},"end":{"line":49,"column":62}},"20":{"start":{"line":50,"column":6},"end":{"line":50,"column":57}},"21":{"start":{"line":50,"column":22},"end":{"line":50,"column":57}},"22":{"start":{"line":51,"column":6},"end":{"line":51,"column":101}},"23":{"start":{"line":53,"column":6},"end":{"line":53,"column":91}},"24":{"start":{"line":53,"column":23},"end":{"line":53,"column":88}},"25":{"start":{"line":54,"column":6},"end":{"line":54,"column":14}},"26":{"start":{"line":58,"column":18},"end":{"line":61,"column":3}},"27":{"start":{"line":59,"column":4},"end":{"line":59,"column":31}},"28":{"start":{"line":60,"column":4},"end":{"line":60,"column":72}},"29":{"start":{"line":63,"column":25},"end":{"line":72,"column":3}},"30":{"start":{"line":64,"column":4},"end":{"line":64,"column":64}},"31":{"start":{"line":64,"column":21},"end":{"line":64,"column":61}},"32":{"start":{"line":65,"column":4},"end":{"line":71,"column":5}},"33":{"start":{"line":66,"column":6},"end":{"line":66,"column":50}},"34":{"start":{"line":67,"column":6},"end":{"line":67,"column":63}},"35":{"start":{"line":67,"column":23},"end":{"line":67,"column":60}},"36":{"start":{"line":69,"column":6},"end":{"line":69,"column":91}},"37":{"start":{"line":69,"column":23},"end":{"line":69,"column":88}},"38":{"start":{"line":70,"column":6},"end":{"line":70,"column":14}},"39":{"start":{"line":74,"column":29},"end":{"line":83,"column":3}},"40":{"start":{"line":75,"column":4},"end":{"line":75,"column":64}},"41":{"start":{"line":75,"column":21},"end":{"line":75,"column":61}},"42":{"start":{"line":76,"column":4},"end":{"line":82,"column":5}},"43":{"start":{"line":77,"column":6},"end":{"line":77,"column":54}},"44":{"start":{"line":78,"column":6},"end":{"line":78,"column":63}},"45":{"start":{"line":78,"column":23},"end":{"line":78,"column":60}},"46":{"start":{"line":80,"column":6},"end":{"line":80,"column":91}},"47":{"start":{"line":80,"column":23},"end":{"line":80,"column":88}},"48":{"start":{"line":81,"column":6},"end":{"line":81,"column":14}},"49":{"start":{"line":85,"column":22},"end":{"line":93,"column":3}},"50":{"start":{"line":86,"column":4},"end":{"line":86,"column":51}},"51":{"start":{"line":86,"column":21},"end":{"line":86,"column":48}},"52":{"start":{"line":87,"column":4},"end":{"line":92,"column":5}},"53":{"start":{"line":88,"column":19},"end":{"line":88,"column":53}},"54":{"start":{"line":89,"column":6},"end":{"line":89,"column":94}},"55":{"start":{"line":89,"column":23},"end":{"line":89,"column":91}},"56":{"start":{"line":91,"column":6},"end":{"line":91,"column":91}},"57":{"start":{"line":91,"column":23},"end":{"line":91,"column":88}},"58":{"start":{"line":95,"column":2},"end":{"line":99,"column":4}},"59":{"start":{"line":102,"column":23},"end":{"line":106,"column":1}},"60":{"start":{"line":103,"column":14},"end":{"line":103,"column":37}},"61":{"start":{"line":104,"column":2},"end":{"line":104,"column":72}},"62":{"start":{"line":104,"column":12},"end":{"line":104,"column":72}},"63":{"start":{"line":105,"column":2},"end":{"line":105,"column":13}}},"fnMap":{"0":{"name":"(anonymous_0)","decl":{"start":{"line":23,"column":57},"end":{"line":23,"column":58}},"loc":{"start":{"line":23,"column":102},"end":{"line":100,"column":1}},"line":23},"1":{"name":"(anonymous_1)","decl":{"start":{"line":26,"column":12},"end":{"line":26,"column":13}},"loc":{"start":{"line":26,"column":18},"end":{"line":44,"column":3}},"line":26},"2":{"name":"(anonymous_2)","decl":{"start":{"line":28,"column":17},"end":{"line":28,"column":18}},"loc":{"start":{"line":28,"column":29},"end":{"line":42,"column":5}},"line":28},"3":{"name":"(anonymous_3)","decl":{"start":{"line":29,"column":15},"end":{"line":29,"column":16}},"loc":{"start":{"line":29,"column":23},"end":{"line":29,"column":50}},"line":29},"4":{"name":"(anonymous_4)","decl":{"start":{"line":46,"column":17},"end":{"line":46,"column":18}},"loc":{"start":{"line":46,"column":60},"end":{"line":56,"column":3}},"line":46},"5":{"name":"(anonymous_5)","decl":{"start":{"line":47,"column":13},"end":{"line":47,"column":14}},"loc":{"start":{"line":47,"column":21},"end":{"line":47,"column":61}},"line":47},"6":{"name":"(anonymous_6)","decl":{"start":{"line":53,"column":15},"end":{"line":53,"column":16}},"loc":{"start":{"line":53,"column":23},"end":{"line":53,"column":88}},"line":53},"7":{"name":"(anonymous_7)","decl":{"start":{"line":58,"column":18},"end":{"line":58,"column":19}},"loc":{"start":{"line":58,"column":30},"end":{"line":61,"column":3}},"line":58},"8":{"name":"(anonymous_8)","decl":{"start":{"line":63,"column":25},"end":{"line":63,"column":26}},"loc":{"start":{"line":63,"column":50},"end":{"line":72,"column":3}},"line":63},"9":{"name":"(anonymous_9)","decl":{"start":{"line":64,"column":13},"end":{"line":64,"column":14}},"loc":{"start":{"line":64,"column":21},"end":{"line":64,"column":61}},"line":64},"10":{"name":"(anonymous_10)","decl":{"start":{"line":67,"column":15},"end":{"line":67,"column":16}},"loc":{"start":{"line":67,"column":23},"end":{"line":67,"column":60}},"line":67},"11":{"name":"(anonymous_11)","decl":{"start":{"line":69,"column":15},"end":{"line":69,"column":16}},"loc":{"start":{"line":69,"column":23},"end":{"line":69,"column":88}},"line":69},"12":{"name":"(anonymous_12)","decl":{"start":{"line":74,"column":29},"end":{"line":74,"column":30}},"loc":{"start":{"line":74,"column":54},"end":{"line":83,"column":3}},"line":74},"13":{"name":"(anonymous_13)","decl":{"start":{"line":75,"column":13},"end":{"line":75,"column":14}},"loc":{"start":{"line":75,"column":21},"end":{"line":75,"column":61}},"line":75},"14":{"name":"(anonymous_14)","decl":{"start":{"line":78,"column":15},"end":{"line":78,"column":16}},"loc":{"start":{"line":78,"column":23},"end":{"line":78,"column":60}},"line":78},"15":{"name":"(anonymous_15)","decl":{"start":{"line":80,"column":15},"end":{"line":80,"column":16}},"loc":{"start":{"line":80,"column":23},"end":{"line":80,"column":88}},"line":80},"16":{"name":"(anonymous_16)","decl":{"start":{"line":85,"column":22},"end":{"line":85,"column":23}},"loc":{"start":{"line":85,"column":34},"end":{"line":93,"column":3}},"line":85},"17":{"name":"(anonymous_17)","decl":{"start":{"line":86,"column":13},"end":{"line":86,"column":14}},"loc":{"start":{"line":86,"column":21},"end":{"line":86,"column":48}},"line":86},"18":{"name":"(anonymous_18)","decl":{"start":{"line":89,"column":15},"end":{"line":89,"column":16}},"loc":{"start":{"line":89,"column":23},"end":{"line":89,"column":91}},"line":89},"19":{"name":"(anonymous_19)","decl":{"start":{"line":91,"column":15},"end":{"line":91,"column":16}},"loc":{"start":{"line":91,"column":23},"end":{"line":91,"column":88}},"line":91},"20":{"name":"(anonymous_20)","decl":{"start":{"line":102,"column":23},"end":{"line":102,"column":24}},"loc":{"start":{"line":102,"column":29},"end":{"line":106,"column":1}},"line":102}},"branchMap":{"0":{"loc":{"start":{"line":32,"column":8},"end":{"line":38,"column":9}},"type":"if","locations":[{"start":{"line":32,"column":8},"end":{"line":38,"column":9}},{"start":{"line":36,"column":15},"end":{"line":38,"column":9}}],"line":32},"1":{"loc":{"start":{"line":35,"column":43},"end":{"line":35,"column":74}},"type":"cond-expr","locations":[{"start":{"line":35,"column":50},"end":{"line":35,"column":65}},{"start":{"line":35,"column":68},"end":{"line":35,"column":74}}],"line":35},"2":{"loc":{"start":{"line":50,"column":6},"end":{"line":50,"column":57}},"type":"if","locations":[{"start":{"line":50,"column":6},"end":{"line":50,"column":57}},{"start":{},"end":{}}],"line":50},"3":{"loc":{"start":{"line":51,"column":41},"end":{"line":51,"column":59}},"type":"binary-expr","locations":[{"start":{"line":51,"column":41},"end":{"line":51,"column":51}},{"start":{"line":51,"column":55},"end":{"line":51,"column":59}}],"line":51},"4":{"loc":{"start":{"line":89,"column":45},"end":{"line":89,"column":76}},"type":"cond-expr","locations":[{"start":{"line":89,"column":52},"end":{"line":89,"column":67}},{"start":{"line":89,"column":70},"end":{"line":89,"column":76}}],"line":89},"5":{"loc":{"start":{"line":104,"column":2},"end":{"line":104,"column":72}},"type":"if","locations":[{"start":{"line":104,"column":2},"end":{"line":104,"column":72}},{"start":{},"end":{}}],"line":104}},"s":{"0":2,"1":2,"2":34,"3":34,"4":7,"5":7,"6":7,"7":7,"8":7,"9":7,"10":0,"11":0,"12":7,"13":0,"14":7,"15":34,"16":3,"17":3,"18":3,"19":3,"20":2,"21":2,"22":2,"23":1,"24":1,"25":1,"26":34,"27":1,"28":1,"29":34,"30":1,"31":1,"32":1,"33":1,"34":1,"35":1,"36":0,"37":0,"38":0,"39":34,"40":1,"41":1,"42":1,"43":1,"44":1,"45":1,"46":0,"47":0,"48":0,"49":34,"50":1,"51":1,"52":1,"53":1,"54":1,"55":1,"56":0,"57":0,"58":34,"59":2,"60":34,"61":34,"62":0,"63":34},"f":{"0":34,"1":7,"2":7,"3":7,"4":3,"5":3,"6":1,"7":1,"8":1,"9":1,"10":1,"11":0,"12":1,"13":1,"14":1,"15":0,"16":1,"17":1,"18":1,"19":0,"20":34},"b":{"0":[0,7],"1":[0,0],"2":[2,0],"3":[2,0],"4":[1,0],"5":[0,34]},"_coverageSchema":"1a1c01bbd47fc00a2c39e90264f33305004495a9","hash":"33d73eb6bba2ed251e40fad74402d1e0dc05b59a"}
,"/Users/icebergslim/projects/voyager-RN/src/context/UserProfileContext.tsx": {"path":"/Users/icebergslim/projects/voyager-RN/src/context/UserProfileContext.tsx","statementMap":{"0":{"start":{"line":41,"column":27},"end":{"line":41,"column":88}},"1":{"start":{"line":47,"column":64},"end":{"line":113,"column":1}},"2":{"start":{"line":48,"column":40},"end":{"line":48,"column":74}},"3":{"start":{"line":49,"column":36},"end":{"line":49,"column":50}},"4":{"start":{"line":51,"column":28},"end":{"line":53,"column":8}},"5":{"start":{"line":52,"column":4},"end":{"line":52,"column":31}},"6":{"start":{"line":56,"column":2},"end":{"line":106,"column":9}},"7":{"start":{"line":57,"column":28},"end":{"line":93,"column":5}},"8":{"start":{"line":58,"column":6},"end":{"line":58,"column":25}},"9":{"start":{"line":59,"column":6},"end":{"line":92,"column":7}},"10":{"start":{"line":60,"column":23},"end":{"line":60,"column":45}},"11":{"start":{"line":62,"column":8},"end":{"line":78,"column":9}},"12":{"start":{"line":64,"column":26},"end":{"line":64,"column":64}},"13":{"start":{"line":66,"column":10},"end":{"line":77,"column":11}},"14":{"start":{"line":67,"column":28},"end":{"line":67,"column":57}},"15":{"start":{"line":69,"column":12},"end":{"line":69,"column":80}},"16":{"start":{"line":70,"column":12},"end":{"line":70,"column":36}},"17":{"start":{"line":73,"column":34},"end":{"line":73,"column":76}},"18":{"start":{"line":74,"column":12},"end":{"line":76,"column":13}},"19":{"start":{"line":75,"column":14},"end":{"line":75,"column":56}},"20":{"start":{"line":81,"column":8},"end":{"line":88,"column":9}},"21":{"start":{"line":82,"column":32},"end":{"line":82,"column":74}},"22":{"start":{"line":83,"column":10},"end":{"line":85,"column":11}},"23":{"start":{"line":84,"column":12},"end":{"line":84,"column":54}},"24":{"start":{"line":87,"column":10},"end":{"line":87,"column":71}},"25":{"start":{"line":89,"column":8},"end":{"line":89,"column":53}},"26":{"start":{"line":91,"column":8},"end":{"line":91,"column":28}},"27":{"start":{"line":96,"column":24},"end":{"line":103,"column":6}},"28":{"start":{"line":97,"column":6},"end":{"line":102,"column":7}},"29":{"start":{"line":98,"column":8},"end":{"line":98,"column":26}},"30":{"start":{"line":100,"column":8},"end":{"line":100,"column":28}},"31":{"start":{"line":101,"column":8},"end":{"line":101,"column":29}},"32":{"start":{"line":105,"column":4},"end":{"line":105,"column":23}},"33":{"start":{"line":108,"column":2},"end":{"line":112,"column":4}},"34":{"start":{"line":116,"column":30},"end":{"line":122,"column":1}},"35":{"start":{"line":117,"column":18},"end":{"line":117,"column":48}},"36":{"start":{"line":118,"column":2},"end":{"line":120,"column":3}},"37":{"start":{"line":119,"column":4},"end":{"line":119,"column":80}},"38":{"start":{"line":121,"column":2},"end":{"line":121,"column":17}}},"fnMap":{"0":{"name":"(anonymous_0)","decl":{"start":{"line":47,"column":64},"end":{"line":47,"column":65}},"loc":{"start":{"line":47,"column":82},"end":{"line":113,"column":1}},"line":47},"1":{"name":"(anonymous_1)","decl":{"start":{"line":51,"column":40},"end":{"line":51,"column":41}},"loc":{"start":{"line":51,"column":69},"end":{"line":53,"column":3}},"line":51},"2":{"name":"(anonymous_2)","decl":{"start":{"line":56,"column":12},"end":{"line":56,"column":13}},"loc":{"start":{"line":56,"column":18},"end":{"line":106,"column":3}},"line":56},"3":{"name":"(anonymous_3)","decl":{"start":{"line":57,"column":28},"end":{"line":57,"column":29}},"loc":{"start":{"line":57,"column":40},"end":{"line":93,"column":5}},"line":57},"4":{"name":"(anonymous_4)","decl":{"start":{"line":96,"column":48},"end":{"line":96,"column":49}},"loc":{"start":{"line":96,"column":58},"end":{"line":103,"column":5}},"line":96},"5":{"name":"(anonymous_5)","decl":{"start":{"line":116,"column":30},"end":{"line":116,"column":31}},"loc":{"start":{"line":116,"column":61},"end":{"line":122,"column":1}},"line":116}},"branchMap":{"0":{"loc":{"start":{"line":62,"column":8},"end":{"line":78,"column":9}},"type":"if","locations":[{"start":{"line":62,"column":8},"end":{"line":78,"column":9}},{"start":{},"end":{}}],"line":62},"1":{"loc":{"start":{"line":66,"column":10},"end":{"line":77,"column":11}},"type":"if","locations":[{"start":{"line":66,"column":10},"end":{"line":77,"column":11}},{"start":{"line":71,"column":17},"end":{"line":77,"column":11}}],"line":66},"2":{"loc":{"start":{"line":74,"column":12},"end":{"line":76,"column":13}},"type":"if","locations":[{"start":{"line":74,"column":12},"end":{"line":76,"column":13}},{"start":{},"end":{}}],"line":74},"3":{"loc":{"start":{"line":83,"column":10},"end":{"line":85,"column":11}},"type":"if","locations":[{"start":{"line":83,"column":10},"end":{"line":85,"column":11}},{"start":{},"end":{}}],"line":83},"4":{"loc":{"start":{"line":97,"column":6},"end":{"line":102,"column":7}},"type":"if","locations":[{"start":{"line":97,"column":6},"end":{"line":102,"column":7}},{"start":{"line":99,"column":13},"end":{"line":102,"column":7}}],"line":97},"5":{"loc":{"start":{"line":118,"column":2},"end":{"line":120,"column":3}},"type":"if","locations":[{"start":{"line":118,"column":2},"end":{"line":120,"column":3}},{"start":{},"end":{}}],"line":118}},"s":{"0":0,"1":0,"2":0,"3":0,"4":0,"5":0,"6":0,"7":0,"8":0,"9":0,"10":0,"11":0,"12":0,"13":0,"14":0,"15":0,"16":0,"17":0,"18":0,"19":0,"20":0,"21":0,"22":0,"23":0,"24":0,"25":0,"26":0,"27":0,"28":0,"29":0,"30":0,"31":0,"32":0,"33":0,"34":0,"35":0,"36":0,"37":0,"38":0},"f":{"0":0,"1":0,"2":0,"3":0,"4":0,"5":0},"b":{"0":[0,0],"1":[0,0],"2":[0,0],"3":[0,0],"4":[0,0],"5":[0,0]}}
,"/Users/icebergslim/projects/voyager-RN/src/repositories/AuthRepository.ts": {"path":"/Users/icebergslim/projects/voyager-RN/src/repositories/AuthRepository.ts","statementMap":{},"fnMap":{},"branchMap":{},"s":{},"f":{},"b":{}}
,"/Users/icebergslim/projects/voyager-RN/src/repositories/FirebaseAuthRepository.ts": {"path":"/Users/icebergslim/projects/voyager-RN/src/repositories/FirebaseAuthRepository.ts","statementMap":{"0":{"start":{"line":9,"column":17},"end":{"line":9,"column":80}},"1":{"start":{"line":10,"column":16},"end":{"line":10,"column":29}},"2":{"start":{"line":11,"column":20},"end":{"line":11,"column":55}},"3":{"start":{"line":12,"column":30},"end":{"line":12,"column":174}},"4":{"start":{"line":14,"column":20},"end":{"line":14,"column":48}},"5":{"start":{"line":15,"column":4},"end":{"line":15,"column":54}},"6":{"start":{"line":19,"column":17},"end":{"line":19,"column":84}},"7":{"start":{"line":21,"column":42},"end":{"line":21,"column":114}},"8":{"start":{"line":22,"column":4},"end":{"line":22,"column":59}},"9":{"start":{"line":24,"column":4},"end":{"line":24,"column":43}},"10":{"start":{"line":25,"column":30},"end":{"line":25,"column":139}},"11":{"start":{"line":26,"column":4},"end":{"line":26,"column":20}},"12":{"start":{"line":30,"column":4},"end":{"line":30,"column":50}},"13":{"start":{"line":36,"column":20},"end":{"line":36,"column":36}},"14":{"start":{"line":37,"column":4},"end":{"line":40,"column":5}},"15":{"start":{"line":38,"column":6},"end":{"line":38,"column":43}},"16":{"start":{"line":39,"column":6},"end":{"line":39,"column":13}},"17":{"start":{"line":42,"column":19},"end":{"line":42,"column":50}},"18":{"start":{"line":43,"column":4},"end":{"line":43,"column":29}},"19":{"start":{"line":44,"column":4},"end":{"line":44,"column":12}},"20":{"start":{"line":48,"column":20},"end":{"line":48,"column":36}},"21":{"start":{"line":49,"column":4},"end":{"line":49,"column":30}},"22":{"start":{"line":49,"column":18},"end":{"line":49,"column":30}},"23":{"start":{"line":50,"column":16},"end":{"line":50,"column":27}},"24":{"start":{"line":51,"column":20},"end":{"line":51,"column":55}},"25":{"start":{"line":52,"column":30},"end":{"line":52,"column":170}},"26":{"start":{"line":53,"column":4},"end":{"line":53,"column":16}}},"fnMap":{"0":{"name":"(anonymous_0)","decl":{"start":{"line":8,"column":2},"end":{"line":8,"column":3}},"loc":{"start":{"line":8,"column":33},"end":{"line":16,"column":3}},"line":8},"1":{"name":"(anonymous_1)","decl":{"start":{"line":18,"column":2},"end":{"line":18,"column":3}},"loc":{"start":{"line":18,"column":39},"end":{"line":27,"column":3}},"line":18},"2":{"name":"(anonymous_2)","decl":{"start":{"line":29,"column":2},"end":{"line":29,"column":3}},"loc":{"start":{"line":29,"column":51},"end":{"line":31,"column":3}},"line":29},"3":{"name":"(anonymous_3)","decl":{"start":{"line":33,"column":2},"end":{"line":33,"column":3}},"loc":{"start":{"line":33,"column":59},"end":{"line":45,"column":3}},"line":33},"4":{"name":"(anonymous_4)","decl":{"start":{"line":47,"column":2},"end":{"line":47,"column":3}},"loc":{"start":{"line":47,"column":25},"end":{"line":54,"column":3}},"line":47}},"branchMap":{"0":{"loc":{"start":{"line":12,"column":30},"end":{"line":12,"column":174}},"type":"cond-expr","locations":[{"start":{"line":12,"column":50},"end":{"line":12,"column":89}},{"start":{"line":12,"column":93},"end":{"line":12,"column":174}}],"line":12},"1":{"loc":{"start":{"line":12,"column":111},"end":{"line":12,"column":132}},"type":"binary-expr","locations":[{"start":{"line":12,"column":111},"end":{"line":12,"column":126}},{"start":{"line":12,"column":130},"end":{"line":12,"column":132}}],"line":12},"2":{"loc":{"start":{"line":37,"column":4},"end":{"line":40,"column":5}},"type":"if","locations":[{"start":{"line":37,"column":4},"end":{"line":40,"column":5}},{"start":{},"end":{}}],"line":37},"3":{"loc":{"start":{"line":49,"column":4},"end":{"line":49,"column":30}},"type":"if","locations":[{"start":{"line":49,"column":4},"end":{"line":49,"column":30}},{"start":{},"end":{}}],"line":49},"4":{"loc":{"start":{"line":52,"column":30},"end":{"line":52,"column":170}},"type":"cond-expr","locations":[{"start":{"line":52,"column":50},"end":{"line":52,"column":89}},{"start":{"line":52,"column":93},"end":{"line":52,"column":170}}],"line":52},"5":{"loc":{"start":{"line":52,"column":111},"end":{"line":52,"column":130}},"type":"binary-expr","locations":[{"start":{"line":52,"column":111},"end":{"line":52,"column":124}},{"start":{"line":52,"column":128},"end":{"line":52,"column":130}}],"line":52}},"s":{"0":0,"1":0,"2":0,"3":0,"4":0,"5":0,"6":0,"7":0,"8":0,"9":0,"10":0,"11":0,"12":0,"13":0,"14":0,"15":0,"16":0,"17":0,"18":0,"19":0,"20":0,"21":0,"22":0,"23":0,"24":0,"25":0,"26":0},"f":{"0":0,"1":0,"2":0,"3":0,"4":0},"b":{"0":[0,0],"1":[0,0],"2":[0,0],"3":[0,0],"4":[0,0],"5":[0,0]}}
,"/Users/icebergslim/projects/voyager-RN/src/repositories/HttpAuthRepository.ts": {"path":"/Users/icebergslim/projects/voyager-RN/src/repositories/HttpAuthRepository.ts","statementMap":{"0":{"start":{"line":12,"column":16},"end":{"line":15,"column":6}},"1":{"start":{"line":17,"column":4},"end":{"line":22,"column":5}},"2":{"start":{"line":18,"column":18},"end":{"line":18,"column":52}},"3":{"start":{"line":18,"column":48},"end":{"line":18,"column":50}},"4":{"start":{"line":19,"column":21},"end":{"line":19,"column":62}},"5":{"start":{"line":20,"column":6},"end":{"line":20,"column":24}},"6":{"start":{"line":21,"column":6},"end":{"line":21,"column":14}},"7":{"start":{"line":24,"column":4},"end":{"line":24,"column":22}},"8":{"start":{"line":28,"column":4},"end":{"line":31,"column":7}},"9":{"start":{"line":35,"column":4},"end":{"line":38,"column":7}},"10":{"start":{"line":42,"column":4},"end":{"line":45,"column":7}},"11":{"start":{"line":49,"column":4},"end":{"line":52,"column":7}},"12":{"start":{"line":56,"column":4},"end":{"line":56,"column":58}}},"fnMap":{"0":{"name":"(anonymous_0)","decl":{"start":{"line":9,"column":2},"end":{"line":9,"column":3}},"loc":{"start":{"line":9,"column":55},"end":{"line":9,"column":57}},"line":9},"1":{"name":"(anonymous_1)","decl":{"start":{"line":11,"column":2},"end":{"line":11,"column":3}},"loc":{"start":{"line":11,"column":75},"end":{"line":25,"column":3}},"line":11},"2":{"name":"(anonymous_2)","decl":{"start":{"line":18,"column":41},"end":{"line":18,"column":42}},"loc":{"start":{"line":18,"column":48},"end":{"line":18,"column":50}},"line":18},"3":{"name":"(anonymous_3)","decl":{"start":{"line":27,"column":2},"end":{"line":27,"column":3}},"loc":{"start":{"line":27,"column":33},"end":{"line":32,"column":3}},"line":27},"4":{"name":"(anonymous_4)","decl":{"start":{"line":34,"column":2},"end":{"line":34,"column":3}},"loc":{"start":{"line":34,"column":39},"end":{"line":39,"column":3}},"line":34},"5":{"name":"(anonymous_5)","decl":{"start":{"line":41,"column":2},"end":{"line":41,"column":3}},"loc":{"start":{"line":41,"column":51},"end":{"line":46,"column":3}},"line":41},"6":{"name":"(anonymous_6)","decl":{"start":{"line":48,"column":2},"end":{"line":48,"column":3}},"loc":{"start":{"line":48,"column":59},"end":{"line":53,"column":3}},"line":48},"7":{"name":"(anonymous_7)","decl":{"start":{"line":55,"column":2},"end":{"line":55,"column":3}},"loc":{"start":{"line":55,"column":25},"end":{"line":57,"column":3}},"line":55}},"branchMap":{"0":{"loc":{"start":{"line":17,"column":4},"end":{"line":22,"column":5}},"type":"if","locations":[{"start":{"line":17,"column":4},"end":{"line":22,"column":5}},{"start":{},"end":{}}],"line":17},"1":{"loc":{"start":{"line":19,"column":31},"end":{"line":19,"column":61}},"type":"binary-expr","locations":[{"start":{"line":19,"column":31},"end":{"line":19,"column":42}},{"start":{"line":19,"column":46},"end":{"line":19,"column":61}}],"line":19}},"s":{"0":0,"1":0,"2":0,"3":0,"4":0,"5":0,"6":0,"7":0,"8":0,"9":0,"10":0,"11":0,"12":0},"f":{"0":0,"1":0,"2":0,"3":0,"4":0,"5":0,"6":0,"7":0},"b":{"0":[0,0],"1":[0,0]}}
,"/Users/icebergslim/projects/voyager-RN/src/services/auth/AuthService.ts": {"path":"/Users/icebergslim/projects/voyager-RN/src/services/auth/AuthService.ts","statementMap":{"0":{"start":{"line":16,"column":4},"end":{"line":16,"column":32}},"1":{"start":{"line":20,"column":4},"end":{"line":20,"column":35}},"2":{"start":{"line":24,"column":4},"end":{"line":24,"column":41}},"3":{"start":{"line":28,"column":4},"end":{"line":28,"column":45}},"4":{"start":{"line":32,"column":4},"end":{"line":32,"column":38}}},"fnMap":{"0":{"name":"(anonymous_0)","decl":{"start":{"line":13,"column":2},"end":{"line":13,"column":3}},"loc":{"start":{"line":13,"column":44},"end":{"line":13,"column":46}},"line":13},"1":{"name":"(anonymous_1)","decl":{"start":{"line":15,"column":2},"end":{"line":15,"column":3}},"loc":{"start":{"line":15,"column":33},"end":{"line":17,"column":3}},"line":15},"2":{"name":"(anonymous_2)","decl":{"start":{"line":19,"column":2},"end":{"line":19,"column":3}},"loc":{"start":{"line":19,"column":39},"end":{"line":21,"column":3}},"line":19},"3":{"name":"(anonymous_3)","decl":{"start":{"line":23,"column":2},"end":{"line":23,"column":3}},"loc":{"start":{"line":23,"column":51},"end":{"line":25,"column":3}},"line":23},"4":{"name":"(anonymous_4)","decl":{"start":{"line":27,"column":2},"end":{"line":27,"column":3}},"loc":{"start":{"line":27,"column":59},"end":{"line":29,"column":3}},"line":27},"5":{"name":"(anonymous_5)","decl":{"start":{"line":31,"column":2},"end":{"line":31,"column":3}},"loc":{"start":{"line":31,"column":25},"end":{"line":33,"column":3}},"line":31}},"branchMap":{},"s":{"0":0,"1":0,"2":0,"3":0,"4":0},"f":{"0":0,"1":0,"2":0,"3":0,"4":0,"5":0},"b":{}}
,"/Users/icebergslim/projects/voyager-RN/src/utilities/auth/errorMap.ts": {"path":"/Users/icebergslim/projects/voyager-RN/src/utilities/auth/errorMap.ts","statementMap":{"0":{"start":{"line":2,"column":36},"end":{"line":8,"column":1}},"1":{"start":{"line":10,"column":28},"end":{"line":13,"column":1}},"2":{"start":{"line":11,"column":2},"end":{"line":11,"column":64}},"3":{"start":{"line":11,"column":13},"end":{"line":11,"column":64}},"4":{"start":{"line":12,"column":2},"end":{"line":12,"column":66}}},"fnMap":{"0":{"name":"(anonymous_0)","decl":{"start":{"line":10,"column":28},"end":{"line":10,"column":29}},"loc":{"start":{"line":10,"column":66},"end":{"line":13,"column":1}},"line":10}},"branchMap":{"0":{"loc":{"start":{"line":11,"column":2},"end":{"line":11,"column":64}},"type":"if","locations":[{"start":{"line":11,"column":2},"end":{"line":11,"column":64}},{"start":{},"end":{}}],"line":11},"1":{"loc":{"start":{"line":11,"column":20},"end":{"line":11,"column":63}},"type":"binary-expr","locations":[{"start":{"line":11,"column":20},"end":{"line":11,"column":28}},{"start":{"line":11,"column":32},"end":{"line":11,"column":63}}],"line":11},"2":{"loc":{"start":{"line":12,"column":9},"end":{"line":12,"column":65}},"type":"binary-expr","locations":[{"start":{"line":12,"column":9},"end":{"line":12,"column":18}},{"start":{"line":12,"column":22},"end":{"line":12,"column":30}},{"start":{"line":12,"column":34},"end":{"line":12,"column":65}}],"line":12}},"s":{"0":3,"1":3,"2":9,"3":3,"4":6},"f":{"0":9},"b":{"0":[3,6],"1":[3,1],"2":[6,1,0]},"_coverageSchema":"1a1c01bbd47fc00a2c39e90264f33305004495a9","hash":"896c480c6381d7f9ec9a6df57870ab4ae39f2a47"}
,"/Users/icebergslim/projects/voyager-RN/src/utilities/auth/testUtils.ts": {"path":"/Users/icebergslim/projects/voyager-RN/src/utilities/auth/testUtils.ts","statementMap":{"0":{"start":{"line":8,"column":40},"end":{"line":15,"column":2}},"1":{"start":{"line":8,"column":98},"end":{"line":15,"column":1}},"2":{"start":{"line":9,"column":24},"end":{"line":9,"column":137}},"3":{"start":{"line":10,"column":27},"end":{"line":10,"column":119}},"4":{"start":{"line":13,"column":29},"end":{"line":13,"column":33}},"5":{"start":{"line":17,"column":30},"end":{"line":22,"column":1}},"6":{"start":{"line":18,"column":20},"end":{"line":18,"column":54}},"7":{"start":{"line":19,"column":17},"end":{"line":19,"column":51}},"8":{"start":{"line":20,"column":17},"end":{"line":20,"column":150}},"9":{"start":{"line":20,"column":40},"end":{"line":20,"column":150}},"10":{"start":{"line":21,"column":1},"end":{"line":21,"column":41}}},"fnMap":{"0":{"name":"(anonymous_0)","decl":{"start":{"line":8,"column":40},"end":{"line":8,"column":41}},"loc":{"start":{"line":8,"column":98},"end":{"line":15,"column":1}},"line":8},"1":{"name":"(anonymous_1)","decl":{"start":{"line":9,"column":8},"end":{"line":9,"column":9}},"loc":{"start":{"line":9,"column":24},"end":{"line":9,"column":137}},"line":9},"2":{"name":"(anonymous_2)","decl":{"start":{"line":10,"column":11},"end":{"line":10,"column":12}},"loc":{"start":{"line":10,"column":27},"end":{"line":10,"column":119}},"line":10},"3":{"name":"(anonymous_3)","decl":{"start":{"line":11,"column":17},"end":{"line":11,"column":18}},"loc":{"start":{"line":11,"column":29},"end":{"line":11,"column":31}},"line":11},"4":{"name":"(anonymous_4)","decl":{"start":{"line":12,"column":21},"end":{"line":12,"column":22}},"loc":{"start":{"line":12,"column":33},"end":{"line":12,"column":35}},"line":12},"5":{"name":"(anonymous_5)","decl":{"start":{"line":13,"column":17},"end":{"line":13,"column":18}},"loc":{"start":{"line":13,"column":29},"end":{"line":13,"column":33}},"line":13},"6":{"name":"(anonymous_6)","decl":{"start":{"line":17,"column":30},"end":{"line":17,"column":31}},"loc":{"start":{"line":17,"column":81},"end":{"line":22,"column":1}},"line":17},"7":{"name":"(anonymous_7)","decl":{"start":{"line":20,"column":17},"end":{"line":20,"column":18}},"loc":{"start":{"line":20,"column":40},"end":{"line":20,"column":150}},"line":20}},"branchMap":{"0":{"loc":{"start":{"line":18,"column":20},"end":{"line":18,"column":54}},"type":"binary-expr","locations":[{"start":{"line":18,"column":20},"end":{"line":18,"column":24}},{"start":{"line":18,"column":28},"end":{"line":18,"column":54}}],"line":18}},"s":{"0":0,"1":0,"2":0,"3":0,"4":0,"5":0,"6":0,"7":0,"8":0,"9":0,"10":0},"f":{"0":0,"1":0,"2":0,"3":0,"4":0,"5":0,"6":0,"7":0},"b":{"0":[0,0]}}
,"/Users/icebergslim/projects/voyager-RN/src/utilities/auth/testUtils.tsx": {"path":"/Users/icebergslim/projects/voyager-RN/src/utilities/auth/testUtils.tsx","statementMap":{"0":{"start":{"line":7,"column":40},"end":{"line":14,"column":2}},"1":{"start":{"line":7,"column":98},"end":{"line":14,"column":1}},"2":{"start":{"line":8,"column":25},"end":{"line":8,"column":138}},"3":{"start":{"line":9,"column":28},"end":{"line":9,"column":120}},"4":{"start":{"line":12,"column":30},"end":{"line":12,"column":34}},"5":{"start":{"line":16,"column":30},"end":{"line":26,"column":1}},"6":{"start":{"line":17,"column":21},"end":{"line":17,"column":55}},"7":{"start":{"line":18,"column":18},"end":{"line":18,"column":52}},"8":{"start":{"line":19,"column":2},"end":{"line":25,"column":4}},"9":{"start":{"line":21,"column":6},"end":{"line":21,"column":101}}},"fnMap":{"0":{"name":"(anonymous_0)","decl":{"start":{"line":7,"column":40},"end":{"line":7,"column":41}},"loc":{"start":{"line":7,"column":98},"end":{"line":14,"column":1}},"line":7},"1":{"name":"(anonymous_1)","decl":{"start":{"line":8,"column":9},"end":{"line":8,"column":10}},"loc":{"start":{"line":8,"column":25},"end":{"line":8,"column":138}},"line":8},"2":{"name":"(anonymous_2)","decl":{"start":{"line":9,"column":12},"end":{"line":9,"column":13}},"loc":{"start":{"line":9,"column":28},"end":{"line":9,"column":120}},"line":9},"3":{"name":"(anonymous_3)","decl":{"start":{"line":10,"column":18},"end":{"line":10,"column":19}},"loc":{"start":{"line":10,"column":30},"end":{"line":10,"column":32}},"line":10},"4":{"name":"(anonymous_4)","decl":{"start":{"line":11,"column":22},"end":{"line":11,"column":23}},"loc":{"start":{"line":11,"column":34},"end":{"line":11,"column":36}},"line":11},"5":{"name":"(anonymous_5)","decl":{"start":{"line":12,"column":18},"end":{"line":12,"column":19}},"loc":{"start":{"line":12,"column":30},"end":{"line":12,"column":34}},"line":12},"6":{"name":"(anonymous_6)","decl":{"start":{"line":16,"column":30},"end":{"line":16,"column":31}},"loc":{"start":{"line":16,"column":81},"end":{"line":26,"column":1}},"line":16},"7":{"name":"(anonymous_7)","decl":{"start":{"line":20,"column":13},"end":{"line":20,"column":14}},"loc":{"start":{"line":21,"column":6},"end":{"line":21,"column":101}},"line":21}},"branchMap":{"0":{"loc":{"start":{"line":17,"column":21},"end":{"line":17,"column":55}},"type":"binary-expr","locations":[{"start":{"line":17,"column":21},"end":{"line":17,"column":25}},{"start":{"line":17,"column":29},"end":{"line":17,"column":55}}],"line":17}},"s":{"0":0,"1":0,"2":0,"3":0,"4":0,"5":0,"6":0,"7":0,"8":0,"9":0},"f":{"0":0,"1":0,"2":0,"3":0,"4":0,"5":0,"6":0,"7":0},"b":{"0":[0,0]}}
,"/Users/icebergslim/projects/voyager-RN/src/utilities/auth/tokenStorage.ts": {"path":"/Users/icebergslim/projects/voyager-RN/src/utilities/auth/tokenStorage.ts","statementMap":{"0":{"start":{"line":1,"column":61},"end":{"line":1,"column":65}},"1":{"start":{"line":2,"column":0},"end":{"line":8,"column":1}},"2":{"start":{"line":5,"column":2},"end":{"line":5,"column":45}},"3":{"start":{"line":7,"column":2},"end":{"line":7,"column":21}},"4":{"start":{"line":13,"column":12},"end":{"line":13,"column":28}},"5":{"start":{"line":21,"column":48},"end":{"line":47,"column":1}},"6":{"start":{"line":23,"column":4},"end":{"line":30,"column":5}},"7":{"start":{"line":24,"column":18},"end":{"line":24,"column":53}},"8":{"start":{"line":25,"column":6},"end":{"line":25,"column":52}},"9":{"start":{"line":25,"column":15},"end":{"line":25,"column":52}},"10":{"start":{"line":28,"column":18},"end":{"line":28,"column":49}},"11":{"start":{"line":29,"column":6},"end":{"line":29,"column":42}},"12":{"start":{"line":31,"column":4},"end":{"line":31,"column":16}},"13":{"start":{"line":34,"column":4},"end":{"line":38,"column":5}},"14":{"start":{"line":35,"column":6},"end":{"line":35,"column":66}},"15":{"start":{"line":37,"column":6},"end":{"line":37,"column":62}},"16":{"start":{"line":41,"column":4},"end":{"line":45,"column":5}},"17":{"start":{"line":42,"column":6},"end":{"line":42,"column":45}},"18":{"start":{"line":44,"column":6},"end":{"line":44,"column":41}}},"fnMap":{"0":{"name":"(anonymous_0)","decl":{"start":{"line":22,"column":2},"end":{"line":22,"column":3}},"loc":{"start":{"line":22,"column":14},"end":{"line":32,"column":3}},"line":22},"1":{"name":"(anonymous_1)","decl":{"start":{"line":33,"column":2},"end":{"line":33,"column":3}},"loc":{"start":{"line":33,"column":32},"end":{"line":39,"column":3}},"line":33},"2":{"name":"(anonymous_2)","decl":{"start":{"line":40,"column":2},"end":{"line":40,"column":3}},"loc":{"start":{"line":40,"column":16},"end":{"line":46,"column":3}},"line":40}},"branchMap":{"0":{"loc":{"start":{"line":25,"column":6},"end":{"line":25,"column":52}},"type":"if","locations":[{"start":{"line":25,"column":6},"end":{"line":25,"column":52}},{"start":{},"end":{}}],"line":25},"1":{"loc":{"start":{"line":29,"column":13},"end":{"line":29,"column":41}},"type":"cond-expr","locations":[{"start":{"line":29,"column":19},"end":{"line":29,"column":34}},{"start":{"line":29,"column":37},"end":{"line":29,"column":41}}],"line":29}},"s":{"0":0,"1":0,"2":0,"3":0,"4":0,"5":0,"6":0,"7":0,"8":0,"9":0,"10":0,"11":0,"12":0,"13":0,"14":0,"15":0,"16":0,"17":0,"18":0},"f":{"0":0,"1":0,"2":0},"b":{"0":[0,0],"1":[0,0]}}
,"/Users/icebergslim/projects/voyager-RN/src/utilities/auth/validators.ts": {"path":"/Users/icebergslim/projects/voyager-RN/src/utilities/auth/validators.ts","statementMap":{"0":{"start":{"line":3,"column":27},"end":{"line":6,"column":2}},"1":{"start":{"line":8,"column":30},"end":{"line":12,"column":2}},"2":{"start":{"line":14,"column":36},"end":{"line":16,"column":2}},"3":{"start":{"line":18,"column":40},"end":{"line":18,"column":60}}},"fnMap":{},"branchMap":{},"s":{"0":1,"1":1,"2":1,"3":1},"f":{},"b":{},"_coverageSchema":"1a1c01bbd47fc00a2c39e90264f33305004495a9","hash":"5db9f2ef242772262effd20de6a54f731d15f449"}
}
