{"/Users/icebergslim/projects/voyager-RN/src/components/profile/EditProfileModal.tsx": {"path":"/Users/icebergslim/projects/voyager-RN/src/components/profile/EditProfileModal.tsx","statementMap":{"0":{"start":{"line":31,"column":5},"end":{"line":71,"column":1}},"1":{"start":{"line":32,"column":36},"end":{"line":32,"column":59}},"2":{"start":{"line":34,"column":2},"end":{"line":36,"column":31}},"3":{"start":{"line":35,"column":4},"end":{"line":35,"column":32}},"4":{"start":{"line":38,"column":21},"end":{"line":41,"column":3}},"5":{"start":{"line":39,"column":4},"end":{"line":39,"column":24}},"6":{"start":{"line":40,"column":4},"end":{"line":40,"column":14}},"7":{"start":{"line":43,"column":2},"end":{"line":70,"column":4}},"8":{"start":{"line":64,"column":14},"end":{"line":64,"column":90}},"9":{"start":{"line":93,"column":23},"end":{"line":93,"column":85}},"10":{"start":{"line":94,"column":23},"end":{"line":94,"column":52}},"11":{"start":{"line":95,"column":35},"end":{"line":95,"column":131}},"12":{"start":{"line":96,"column":26},"end":{"line":96,"column":129}},"13":{"start":{"line":97,"column":18},"end":{"line":97,"column":68}},"14":{"start":{"line":99,"column":65},"end":{"line":550,"column":1}},"15":{"start":{"line":105,"column":34},"end":{"line":105,"column":68}},"16":{"start":{"line":106,"column":32},"end":{"line":106,"column":47}},"17":{"start":{"line":107,"column":30},"end":{"line":107,"column":86}},"18":{"start":{"line":110,"column":54},"end":{"line":110,"column":69}},"19":{"start":{"line":111,"column":54},"end":{"line":111,"column":69}},"20":{"start":{"line":112,"column":64},"end":{"line":112,"column":79}},"21":{"start":{"line":113,"column":48},"end":{"line":113,"column":63}},"22":{"start":{"line":114,"column":58},"end":{"line":114,"column":73}},"23":{"start":{"line":115,"column":56},"end":{"line":115,"column":71}},"24":{"start":{"line":117,"column":2},"end":{"line":120,"column":29}},"25":{"start":{"line":118,"column":4},"end":{"line":118,"column":29}},"26":{"start":{"line":119,"column":4},"end":{"line":119,"column":18}},"27":{"start":{"line":122,"column":23},"end":{"line":132,"column":3}},"28":{"start":{"line":123,"column":4},"end":{"line":123,"column":27}},"29":{"start":{"line":123,"column":14},"end":{"line":123,"column":27}},"30":{"start":{"line":124,"column":22},"end":{"line":124,"column":35}},"31":{"start":{"line":125,"column":18},"end":{"line":125,"column":28}},"32":{"start":{"line":126,"column":16},"end":{"line":126,"column":61}},"33":{"start":{"line":127,"column":22},"end":{"line":127,"column":61}},"34":{"start":{"line":128,"column":4},"end":{"line":130,"column":5}},"35":{"start":{"line":129,"column":6},"end":{"line":129,"column":27}},"36":{"start":{"line":131,"column":4},"end":{"line":131,"column":21}},"37":{"start":{"line":134,"column":23},"end":{"line":165,"column":3}},"38":{"start":{"line":135,"column":66},"end":{"line":135,"column":68}},"39":{"start":{"line":137,"column":4},"end":{"line":139,"column":5}},"40":{"start":{"line":138,"column":6},"end":{"line":138,"column":50}},"41":{"start":{"line":141,"column":4},"end":{"line":145,"column":5}},"42":{"start":{"line":142,"column":6},"end":{"line":142,"column":50}},"43":{"start":{"line":143,"column":11},"end":{"line":145,"column":5}},"44":{"start":{"line":144,"column":6},"end":{"line":144,"column":54}},"45":{"start":{"line":147,"column":4},"end":{"line":149,"column":5}},"46":{"start":{"line":148,"column":6},"end":{"line":148,"column":46}},"47":{"start":{"line":151,"column":4},"end":{"line":153,"column":5}},"48":{"start":{"line":152,"column":6},"end":{"line":152,"column":46}},"49":{"start":{"line":155,"column":4},"end":{"line":157,"column":5}},"50":{"start":{"line":156,"column":6},"end":{"line":156,"column":69}},"51":{"start":{"line":159,"column":4},"end":{"line":161,"column":5}},"52":{"start":{"line":160,"column":6},"end":{"line":160,"column":59}},"53":{"start":{"line":163,"column":4},"end":{"line":163,"column":25}},"54":{"start":{"line":164,"column":4},"end":{"line":164,"column":47}},"55":{"start":{"line":167,"column":21},"end":{"line":182,"column":3}},"56":{"start":{"line":168,"column":4},"end":{"line":170,"column":5}},"57":{"start":{"line":169,"column":6},"end":{"line":169,"column":13}},"58":{"start":{"line":172,"column":4},"end":{"line":172,"column":21}},"59":{"start":{"line":173,"column":4},"end":{"line":181,"column":5}},"60":{"start":{"line":174,"column":6},"end":{"line":174,"column":29}},"61":{"start":{"line":175,"column":6},"end":{"line":175,"column":16}},"62":{"start":{"line":177,"column":6},"end":{"line":177,"column":52}},"63":{"start":{"line":178,"column":6},"end":{"line":178,"column":75}},"64":{"start":{"line":180,"column":6},"end":{"line":180,"column":24}},"65":{"start":{"line":184,"column":23},"end":{"line":193,"column":3}},"66":{"start":{"line":185,"column":4},"end":{"line":185,"column":57}},"67":{"start":{"line":185,"column":27},"end":{"line":185,"column":54}},"68":{"start":{"line":186,"column":4},"end":{"line":192,"column":5}},"69":{"start":{"line":187,"column":6},"end":{"line":191,"column":9}},"70":{"start":{"line":188,"column":26},"end":{"line":188,"column":37}},"71":{"start":{"line":189,"column":8},"end":{"line":189,"column":32}},"72":{"start":{"line":190,"column":8},"end":{"line":190,"column":25}},"73":{"start":{"line":195,"column":2},"end":{"line":549,"column":4}},"74":{"start":{"line":243,"column":39},"end":{"line":243,"column":70}},"75":{"start":{"line":259,"column":39},"end":{"line":259,"column":65}},"76":{"start":{"line":275,"column":39},"end":{"line":275,"column":65}},"77":{"start":{"line":291,"column":33},"end":{"line":291,"column":60}},"78":{"start":{"line":294,"column":66},"end":{"line":294,"column":103}},"79":{"start":{"line":300,"column":33},"end":{"line":300,"column":61}},"80":{"start":{"line":301,"column":39},"end":{"line":301,"column":68}},"81":{"start":{"line":306,"column":50},"end":{"line":306,"column":90}},"82":{"start":{"line":314,"column":44},"end":{"line":314,"column":73}},"83":{"start":{"line":319,"column":20},"end":{"line":319,"column":105}},"84":{"start":{"line":336,"column":33},"end":{"line":336,"column":60}},"85":{"start":{"line":345,"column":33},"end":{"line":345,"column":61}},"86":{"start":{"line":346,"column":39},"end":{"line":346,"column":68}},"87":{"start":{"line":351,"column":50},"end":{"line":351,"column":76}},"88":{"start":{"line":359,"column":44},"end":{"line":359,"column":73}},"89":{"start":{"line":364,"column":20},"end":{"line":364,"column":91}},"90":{"start":{"line":381,"column":33},"end":{"line":381,"column":65}},"91":{"start":{"line":384,"column":89},"end":{"line":384,"column":137}},"92":{"start":{"line":390,"column":33},"end":{"line":390,"column":66}},"93":{"start":{"line":391,"column":39},"end":{"line":391,"column":79}},"94":{"start":{"line":396,"column":62},"end":{"line":396,"column":102}},"95":{"start":{"line":404,"column":44},"end":{"line":404,"column":84}},"96":{"start":{"line":409,"column":20},"end":{"line":409,"column":105}},"97":{"start":{"line":426,"column":33},"end":{"line":426,"column":57}},"98":{"start":{"line":435,"column":33},"end":{"line":435,"column":58}},"99":{"start":{"line":436,"column":39},"end":{"line":436,"column":65}},"100":{"start":{"line":441,"column":53},"end":{"line":441,"column":79}},"101":{"start":{"line":449,"column":44},"end":{"line":449,"column":70}},"102":{"start":{"line":454,"column":20},"end":{"line":454,"column":91}},"103":{"start":{"line":468,"column":33},"end":{"line":468,"column":62}},"104":{"start":{"line":477,"column":33},"end":{"line":477,"column":63}},"105":{"start":{"line":478,"column":39},"end":{"line":478,"column":70}},"106":{"start":{"line":483,"column":45},"end":{"line":483,"column":71}},"107":{"start":{"line":491,"column":44},"end":{"line":491,"column":75}},"108":{"start":{"line":496,"column":20},"end":{"line":496,"column":91}},"109":{"start":{"line":510,"column":33},"end":{"line":510,"column":61}},"110":{"start":{"line":519,"column":33},"end":{"line":519,"column":62}},"111":{"start":{"line":520,"column":39},"end":{"line":520,"column":69}},"112":{"start":{"line":525,"column":45},"end":{"line":525,"column":71}},"113":{"start":{"line":533,"column":44},"end":{"line":533,"column":74}},"114":{"start":{"line":538,"column":20},"end":{"line":538,"column":91}},"115":{"start":{"line":552,"column":15},"end":{"line":710,"column":2}}},"fnMap":{"0":{"name":"(anonymous_0)","decl":{"start":{"line":31,"column":5},"end":{"line":31,"column":6}},"loc":{"start":{"line":31,"column":72},"end":{"line":71,"column":1}},"line":31},"1":{"name":"(anonymous_1)","decl":{"start":{"line":34,"column":12},"end":{"line":34,"column":13}},"loc":{"start":{"line":34,"column":18},"end":{"line":36,"column":3}},"line":34},"2":{"name":"(anonymous_2)","decl":{"start":{"line":38,"column":21},"end":{"line":38,"column":22}},"loc":{"start":{"line":38,"column":27},"end":{"line":41,"column":3}},"line":38},"3":{"name":"(anonymous_3)","decl":{"start":{"line":63,"column":25},"end":{"line":63,"column":26}},"loc":{"start":{"line":64,"column":14},"end":{"line":64,"column":90}},"line":64},"4":{"name":"(anonymous_4)","decl":{"start":{"line":99,"column":65},"end":{"line":99,"column":66}},"loc":{"start":{"line":104,"column":6},"end":{"line":550,"column":1}},"line":104},"5":{"name":"(anonymous_5)","decl":{"start":{"line":117,"column":12},"end":{"line":117,"column":13}},"loc":{"start":{"line":117,"column":18},"end":{"line":120,"column":3}},"line":117},"6":{"name":"(anonymous_6)","decl":{"start":{"line":122,"column":23},"end":{"line":122,"column":24}},"loc":{"start":{"line":122,"column":49},"end":{"line":132,"column":3}},"line":122},"7":{"name":"(anonymous_7)","decl":{"start":{"line":134,"column":23},"end":{"line":134,"column":24}},"loc":{"start":{"line":134,"column":38},"end":{"line":165,"column":3}},"line":134},"8":{"name":"(anonymous_8)","decl":{"start":{"line":167,"column":21},"end":{"line":167,"column":22}},"loc":{"start":{"line":167,"column":33},"end":{"line":182,"column":3}},"line":167},"9":{"name":"(anonymous_9)","decl":{"start":{"line":184,"column":23},"end":{"line":184,"column":24}},"loc":{"start":{"line":184,"column":68},"end":{"line":193,"column":3}},"line":184},"10":{"name":"(anonymous_10)","decl":{"start":{"line":185,"column":16},"end":{"line":185,"column":17}},"loc":{"start":{"line":185,"column":27},"end":{"line":185,"column":54}},"line":185},"11":{"name":"(anonymous_11)","decl":{"start":{"line":187,"column":16},"end":{"line":187,"column":17}},"loc":{"start":{"line":187,"column":26},"end":{"line":191,"column":7}},"line":187},"12":{"name":"(anonymous_12)","decl":{"start":{"line":243,"column":28},"end":{"line":243,"column":29}},"loc":{"start":{"line":243,"column":39},"end":{"line":243,"column":70}},"line":243},"13":{"name":"(anonymous_13)","decl":{"start":{"line":259,"column":28},"end":{"line":259,"column":29}},"loc":{"start":{"line":259,"column":39},"end":{"line":259,"column":65}},"line":259},"14":{"name":"(anonymous_14)","decl":{"start":{"line":275,"column":28},"end":{"line":275,"column":29}},"loc":{"start":{"line":275,"column":39},"end":{"line":275,"column":65}},"line":275},"15":{"name":"(anonymous_15)","decl":{"start":{"line":291,"column":27},"end":{"line":291,"column":28}},"loc":{"start":{"line":291,"column":33},"end":{"line":291,"column":60}},"line":291},"16":{"name":"(anonymous_16)","decl":{"start":{"line":294,"column":59},"end":{"line":294,"column":60}},"loc":{"start":{"line":294,"column":66},"end":{"line":294,"column":103}},"line":294},"17":{"name":"(anonymous_17)","decl":{"start":{"line":300,"column":27},"end":{"line":300,"column":28}},"loc":{"start":{"line":300,"column":33},"end":{"line":300,"column":61}},"line":300},"18":{"name":"(anonymous_18)","decl":{"start":{"line":301,"column":28},"end":{"line":301,"column":29}},"loc":{"start":{"line":301,"column":39},"end":{"line":301,"column":68}},"line":301},"19":{"name":"(anonymous_19)","decl":{"start":{"line":306,"column":42},"end":{"line":306,"column":43}},"loc":{"start":{"line":306,"column":50},"end":{"line":306,"column":90}},"line":306},"20":{"name":"(anonymous_20)","decl":{"start":{"line":314,"column":33},"end":{"line":314,"column":34}},"loc":{"start":{"line":314,"column":44},"end":{"line":314,"column":73}},"line":314},"21":{"name":"(anonymous_21)","decl":{"start":{"line":318,"column":38},"end":{"line":318,"column":39}},"loc":{"start":{"line":319,"column":20},"end":{"line":319,"column":105}},"line":319},"22":{"name":"(anonymous_22)","decl":{"start":{"line":336,"column":27},"end":{"line":336,"column":28}},"loc":{"start":{"line":336,"column":33},"end":{"line":336,"column":60}},"line":336},"23":{"name":"(anonymous_23)","decl":{"start":{"line":345,"column":27},"end":{"line":345,"column":28}},"loc":{"start":{"line":345,"column":33},"end":{"line":345,"column":61}},"line":345},"24":{"name":"(anonymous_24)","decl":{"start":{"line":346,"column":28},"end":{"line":346,"column":29}},"loc":{"start":{"line":346,"column":39},"end":{"line":346,"column":68}},"line":346},"25":{"name":"(anonymous_25)","decl":{"start":{"line":351,"column":42},"end":{"line":351,"column":43}},"loc":{"start":{"line":351,"column":50},"end":{"line":351,"column":76}},"line":351},"26":{"name":"(anonymous_26)","decl":{"start":{"line":359,"column":33},"end":{"line":359,"column":34}},"loc":{"start":{"line":359,"column":44},"end":{"line":359,"column":73}},"line":359},"27":{"name":"(anonymous_27)","decl":{"start":{"line":363,"column":38},"end":{"line":363,"column":39}},"loc":{"start":{"line":364,"column":20},"end":{"line":364,"column":91}},"line":364},"28":{"name":"(anonymous_28)","decl":{"start":{"line":381,"column":27},"end":{"line":381,"column":28}},"loc":{"start":{"line":381,"column":33},"end":{"line":381,"column":65}},"line":381},"29":{"name":"(anonymous_29)","decl":{"start":{"line":384,"column":82},"end":{"line":384,"column":83}},"loc":{"start":{"line":384,"column":89},"end":{"line":384,"column":137}},"line":384},"30":{"name":"(anonymous_30)","decl":{"start":{"line":390,"column":27},"end":{"line":390,"column":28}},"loc":{"start":{"line":390,"column":33},"end":{"line":390,"column":66}},"line":390},"31":{"name":"(anonymous_31)","decl":{"start":{"line":391,"column":28},"end":{"line":391,"column":29}},"loc":{"start":{"line":391,"column":39},"end":{"line":391,"column":79}},"line":391},"32":{"name":"(anonymous_32)","decl":{"start":{"line":396,"column":54},"end":{"line":396,"column":55}},"loc":{"start":{"line":396,"column":62},"end":{"line":396,"column":102}},"line":396},"33":{"name":"(anonymous_33)","decl":{"start":{"line":404,"column":33},"end":{"line":404,"column":34}},"loc":{"start":{"line":404,"column":44},"end":{"line":404,"column":84}},"line":404},"34":{"name":"(anonymous_34)","decl":{"start":{"line":408,"column":50},"end":{"line":408,"column":51}},"loc":{"start":{"line":409,"column":20},"end":{"line":409,"column":105}},"line":409},"35":{"name":"(anonymous_35)","decl":{"start":{"line":426,"column":27},"end":{"line":426,"column":28}},"loc":{"start":{"line":426,"column":33},"end":{"line":426,"column":57}},"line":426},"36":{"name":"(anonymous_36)","decl":{"start":{"line":435,"column":27},"end":{"line":435,"column":28}},"loc":{"start":{"line":435,"column":33},"end":{"line":435,"column":58}},"line":435},"37":{"name":"(anonymous_37)","decl":{"start":{"line":436,"column":28},"end":{"line":436,"column":29}},"loc":{"start":{"line":436,"column":39},"end":{"line":436,"column":65}},"line":436},"38":{"name":"(anonymous_38)","decl":{"start":{"line":441,"column":45},"end":{"line":441,"column":46}},"loc":{"start":{"line":441,"column":53},"end":{"line":441,"column":79}},"line":441},"39":{"name":"(anonymous_39)","decl":{"start":{"line":449,"column":33},"end":{"line":449,"column":34}},"loc":{"start":{"line":449,"column":44},"end":{"line":449,"column":70}},"line":449},"40":{"name":"(anonymous_40)","decl":{"start":{"line":453,"column":41},"end":{"line":453,"column":42}},"loc":{"start":{"line":454,"column":20},"end":{"line":454,"column":91}},"line":454},"41":{"name":"(anonymous_41)","decl":{"start":{"line":468,"column":27},"end":{"line":468,"column":28}},"loc":{"start":{"line":468,"column":33},"end":{"line":468,"column":62}},"line":468},"42":{"name":"(anonymous_42)","decl":{"start":{"line":477,"column":27},"end":{"line":477,"column":28}},"loc":{"start":{"line":477,"column":33},"end":{"line":477,"column":63}},"line":477},"43":{"name":"(anonymous_43)","decl":{"start":{"line":478,"column":28},"end":{"line":478,"column":29}},"loc":{"start":{"line":478,"column":39},"end":{"line":478,"column":70}},"line":478},"44":{"name":"(anonymous_44)","decl":{"start":{"line":483,"column":37},"end":{"line":483,"column":38}},"loc":{"start":{"line":483,"column":45},"end":{"line":483,"column":71}},"line":483},"45":{"name":"(anonymous_45)","decl":{"start":{"line":491,"column":33},"end":{"line":491,"column":34}},"loc":{"start":{"line":491,"column":44},"end":{"line":491,"column":75}},"line":491},"46":{"name":"(anonymous_46)","decl":{"start":{"line":495,"column":33},"end":{"line":495,"column":34}},"loc":{"start":{"line":496,"column":20},"end":{"line":496,"column":91}},"line":496},"47":{"name":"(anonymous_47)","decl":{"start":{"line":510,"column":27},"end":{"line":510,"column":28}},"loc":{"start":{"line":510,"column":33},"end":{"line":510,"column":61}},"line":510},"48":{"name":"(anonymous_48)","decl":{"start":{"line":519,"column":27},"end":{"line":519,"column":28}},"loc":{"start":{"line":519,"column":33},"end":{"line":519,"column":62}},"line":519},"49":{"name":"(anonymous_49)","decl":{"start":{"line":520,"column":28},"end":{"line":520,"column":29}},"loc":{"start":{"line":520,"column":39},"end":{"line":520,"column":69}},"line":520},"50":{"name":"(anonymous_50)","decl":{"start":{"line":525,"column":37},"end":{"line":525,"column":38}},"loc":{"start":{"line":525,"column":45},"end":{"line":525,"column":71}},"line":525},"51":{"name":"(anonymous_51)","decl":{"start":{"line":533,"column":33},"end":{"line":533,"column":34}},"loc":{"start":{"line":533,"column":44},"end":{"line":533,"column":74}},"line":533},"52":{"name":"(anonymous_52)","decl":{"start":{"line":537,"column":33},"end":{"line":537,"column":34}},"loc":{"start":{"line":538,"column":20},"end":{"line":538,"column":91}},"line":538}},"branchMap":{"0":{"loc":{"start":{"line":123,"column":4},"end":{"line":123,"column":27}},"type":"if","locations":[{"start":{"line":123,"column":4},"end":{"line":123,"column":27}},{"start":{},"end":{}}],"line":123},"1":{"loc":{"start":{"line":128,"column":4},"end":{"line":130,"column":5}},"type":"if","locations":[{"start":{"line":128,"column":4},"end":{"line":130,"column":5}},{"start":{},"end":{}}],"line":128},"2":{"loc":{"start":{"line":128,"column":8},"end":{"line":128,"column":83}},"type":"binary-expr","locations":[{"start":{"line":128,"column":8},"end":{"line":128,"column":21}},{"start":{"line":128,"column":26},"end":{"line":128,"column":41}},{"start":{"line":128,"column":45},"end":{"line":128,"column":82}}],"line":128},"3":{"loc":{"start":{"line":137,"column":4},"end":{"line":139,"column":5}},"type":"if","locations":[{"start":{"line":137,"column":4},"end":{"line":139,"column":5}},{"start":{},"end":{}}],"line":137},"4":{"loc":{"start":{"line":141,"column":4},"end":{"line":145,"column":5}},"type":"if","locations":[{"start":{"line":141,"column":4},"end":{"line":145,"column":5}},{"start":{"line":143,"column":11},"end":{"line":145,"column":5}}],"line":141},"5":{"loc":{"start":{"line":143,"column":11},"end":{"line":145,"column":5}},"type":"if","locations":[{"start":{"line":143,"column":11},"end":{"line":145,"column":5}},{"start":{},"end":{}}],"line":143},"6":{"loc":{"start":{"line":147,"column":4},"end":{"line":149,"column":5}},"type":"if","locations":[{"start":{"line":147,"column":4},"end":{"line":149,"column":5}},{"start":{},"end":{}}],"line":147},"7":{"loc":{"start":{"line":151,"column":4},"end":{"line":153,"column":5}},"type":"if","locations":[{"start":{"line":151,"column":4},"end":{"line":153,"column":5}},{"start":{},"end":{}}],"line":151},"8":{"loc":{"start":{"line":155,"column":4},"end":{"line":157,"column":5}},"type":"if","locations":[{"start":{"line":155,"column":4},"end":{"line":157,"column":5}},{"start":{},"end":{}}],"line":155},"9":{"loc":{"start":{"line":159,"column":4},"end":{"line":161,"column":5}},"type":"if","locations":[{"start":{"line":159,"column":4},"end":{"line":161,"column":5}},{"start":{},"end":{}}],"line":159},"10":{"loc":{"start":{"line":168,"column":4},"end":{"line":170,"column":5}},"type":"if","locations":[{"start":{"line":168,"column":4},"end":{"line":170,"column":5}},{"start":{},"end":{}}],"line":168},"11":{"loc":{"start":{"line":186,"column":4},"end":{"line":192,"column":5}},"type":"if","locations":[{"start":{"line":186,"column":4},"end":{"line":192,"column":5}},{"start":{},"end":{}}],"line":186},"12":{"loc":{"start":{"line":204,"column":18},"end":{"line":204,"column":62}},"type":"cond-expr","locations":[{"start":{"line":204,"column":42},"end":{"line":204,"column":51}},{"start":{"line":204,"column":54},"end":{"line":204,"column":62}}],"line":204},"13":{"loc":{"start":{"line":221,"column":13},"end":{"line":225,"column":13}},"type":"cond-expr","locations":[{"start":{"line":222,"column":14},"end":{"line":222,"column":64}},{"start":{"line":224,"column":14},"end":{"line":224,"column":61}}],"line":221},"14":{"loc":{"start":{"line":241,"column":36},"end":{"line":241,"column":72}},"type":"binary-expr","locations":[{"start":{"line":241,"column":36},"end":{"line":241,"column":51}},{"start":{"line":241,"column":55},"end":{"line":241,"column":72}}],"line":241},"15":{"loc":{"start":{"line":247,"column":13},"end":{"line":249,"column":13}},"type":"binary-expr","locations":[{"start":{"line":247,"column":13},"end":{"line":247,"column":28}},{"start":{"line":248,"column":14},"end":{"line":248,"column":69}}],"line":247},"16":{"loc":{"start":{"line":273,"column":36},"end":{"line":273,"column":67}},"type":"binary-expr","locations":[{"start":{"line":273,"column":36},"end":{"line":273,"column":46}},{"start":{"line":273,"column":50},"end":{"line":273,"column":67}}],"line":273},"17":{"loc":{"start":{"line":279,"column":13},"end":{"line":281,"column":13}},"type":"binary-expr","locations":[{"start":{"line":279,"column":13},"end":{"line":279,"column":23}},{"start":{"line":280,"column":14},"end":{"line":280,"column":64}}],"line":279},"18":{"loc":{"start":{"line":287,"column":13},"end":{"line":323,"column":13}},"type":"cond-expr","locations":[{"start":{"line":288,"column":14},"end":{"line":309,"column":17}},{"start":{"line":311,"column":14},"end":{"line":322,"column":21}}],"line":287},"19":{"loc":{"start":{"line":290,"column":40},"end":{"line":290,"column":74}},"type":"binary-expr","locations":[{"start":{"line":290,"column":40},"end":{"line":290,"column":53}},{"start":{"line":290,"column":57},"end":{"line":290,"column":74}}],"line":290},"20":{"loc":{"start":{"line":293,"column":50},"end":{"line":293,"column":92}},"type":"binary-expr","locations":[{"start":{"line":293,"column":50},"end":{"line":293,"column":66}},{"start":{"line":293,"column":70},"end":{"line":293,"column":92}}],"line":293},"21":{"loc":{"start":{"line":294,"column":21},"end":{"line":294,"column":144}},"type":"cond-expr","locations":[{"start":{"line":294,"column":39},"end":{"line":294,"column":123}},{"start":{"line":294,"column":126},"end":{"line":294,"column":144}}],"line":294},"22":{"loc":{"start":{"line":294,"column":39},"end":{"line":294,"column":123}},"type":"binary-expr","locations":[{"start":{"line":294,"column":39},"end":{"line":294,"column":104}},{"start":{"line":294,"column":108},"end":{"line":294,"column":123}}],"line":294},"23":{"loc":{"start":{"line":311,"column":52},"end":{"line":311,"column":86}},"type":"binary-expr","locations":[{"start":{"line":311,"column":52},"end":{"line":311,"column":65}},{"start":{"line":311,"column":69},"end":{"line":311,"column":86}}],"line":311},"24":{"loc":{"start":{"line":324,"column":13},"end":{"line":326,"column":13}},"type":"binary-expr","locations":[{"start":{"line":324,"column":13},"end":{"line":324,"column":26}},{"start":{"line":325,"column":14},"end":{"line":325,"column":67}}],"line":324},"25":{"loc":{"start":{"line":332,"column":13},"end":{"line":368,"column":13}},"type":"cond-expr","locations":[{"start":{"line":333,"column":14},"end":{"line":354,"column":17}},{"start":{"line":356,"column":14},"end":{"line":367,"column":21}}],"line":332},"26":{"loc":{"start":{"line":335,"column":40},"end":{"line":335,"column":74}},"type":"binary-expr","locations":[{"start":{"line":335,"column":40},"end":{"line":335,"column":53}},{"start":{"line":335,"column":57},"end":{"line":335,"column":74}}],"line":335},"27":{"loc":{"start":{"line":338,"column":50},"end":{"line":338,"column":92}},"type":"binary-expr","locations":[{"start":{"line":338,"column":50},"end":{"line":338,"column":66}},{"start":{"line":338,"column":70},"end":{"line":338,"column":92}}],"line":338},"28":{"loc":{"start":{"line":339,"column":21},"end":{"line":339,"column":58}},"type":"binary-expr","locations":[{"start":{"line":339,"column":21},"end":{"line":339,"column":36}},{"start":{"line":339,"column":40},"end":{"line":339,"column":58}}],"line":339},"29":{"loc":{"start":{"line":356,"column":52},"end":{"line":356,"column":86}},"type":"binary-expr","locations":[{"start":{"line":356,"column":52},"end":{"line":356,"column":65}},{"start":{"line":356,"column":69},"end":{"line":356,"column":86}}],"line":356},"30":{"loc":{"start":{"line":369,"column":13},"end":{"line":371,"column":13}},"type":"binary-expr","locations":[{"start":{"line":369,"column":13},"end":{"line":369,"column":26}},{"start":{"line":370,"column":14},"end":{"line":370,"column":67}}],"line":369},"31":{"loc":{"start":{"line":377,"column":13},"end":{"line":413,"column":13}},"type":"cond-expr","locations":[{"start":{"line":378,"column":14},"end":{"line":399,"column":17}},{"start":{"line":401,"column":14},"end":{"line":412,"column":21}}],"line":377},"32":{"loc":{"start":{"line":380,"column":40},"end":{"line":380,"column":85}},"type":"binary-expr","locations":[{"start":{"line":380,"column":40},"end":{"line":380,"column":64}},{"start":{"line":380,"column":68},"end":{"line":380,"column":85}}],"line":380},"33":{"loc":{"start":{"line":383,"column":50},"end":{"line":383,"column":103}},"type":"binary-expr","locations":[{"start":{"line":383,"column":50},"end":{"line":383,"column":77}},{"start":{"line":383,"column":81},"end":{"line":383,"column":103}}],"line":383},"34":{"loc":{"start":{"line":384,"column":21},"end":{"line":384,"column":194}},"type":"cond-expr","locations":[{"start":{"line":384,"column":50},"end":{"line":384,"column":168}},{"start":{"line":384,"column":171},"end":{"line":384,"column":194}}],"line":384},"35":{"loc":{"start":{"line":384,"column":50},"end":{"line":384,"column":168}},"type":"binary-expr","locations":[{"start":{"line":384,"column":50},"end":{"line":384,"column":138}},{"start":{"line":384,"column":142},"end":{"line":384,"column":168}}],"line":384},"36":{"loc":{"start":{"line":401,"column":52},"end":{"line":401,"column":97}},"type":"binary-expr","locations":[{"start":{"line":401,"column":52},"end":{"line":401,"column":76}},{"start":{"line":401,"column":80},"end":{"line":401,"column":97}}],"line":401},"37":{"loc":{"start":{"line":414,"column":13},"end":{"line":416,"column":13}},"type":"binary-expr","locations":[{"start":{"line":414,"column":13},"end":{"line":414,"column":37}},{"start":{"line":415,"column":14},"end":{"line":415,"column":78}}],"line":414},"38":{"loc":{"start":{"line":422,"column":13},"end":{"line":458,"column":13}},"type":"cond-expr","locations":[{"start":{"line":423,"column":14},"end":{"line":444,"column":17}},{"start":{"line":446,"column":14},"end":{"line":457,"column":21}}],"line":422},"39":{"loc":{"start":{"line":428,"column":50},"end":{"line":428,"column":89}},"type":"binary-expr","locations":[{"start":{"line":428,"column":50},"end":{"line":428,"column":63}},{"start":{"line":428,"column":67},"end":{"line":428,"column":89}}],"line":428},"40":{"loc":{"start":{"line":429,"column":21},"end":{"line":429,"column":58}},"type":"binary-expr","locations":[{"start":{"line":429,"column":21},"end":{"line":429,"column":33}},{"start":{"line":429,"column":37},"end":{"line":429,"column":58}}],"line":429},"41":{"loc":{"start":{"line":464,"column":13},"end":{"line":500,"column":13}},"type":"cond-expr","locations":[{"start":{"line":465,"column":14},"end":{"line":486,"column":17}},{"start":{"line":488,"column":14},"end":{"line":499,"column":21}}],"line":464},"42":{"loc":{"start":{"line":470,"column":50},"end":{"line":470,"column":94}},"type":"binary-expr","locations":[{"start":{"line":470,"column":50},"end":{"line":470,"column":68}},{"start":{"line":470,"column":72},"end":{"line":470,"column":94}}],"line":470},"43":{"loc":{"start":{"line":471,"column":21},"end":{"line":471,"column":63}},"type":"binary-expr","locations":[{"start":{"line":471,"column":21},"end":{"line":471,"column":38}},{"start":{"line":471,"column":42},"end":{"line":471,"column":63}}],"line":471},"44":{"loc":{"start":{"line":506,"column":13},"end":{"line":542,"column":13}},"type":"cond-expr","locations":[{"start":{"line":507,"column":14},"end":{"line":528,"column":17}},{"start":{"line":530,"column":14},"end":{"line":541,"column":21}}],"line":506},"45":{"loc":{"start":{"line":512,"column":50},"end":{"line":512,"column":93}},"type":"binary-expr","locations":[{"start":{"line":512,"column":50},"end":{"line":512,"column":67}},{"start":{"line":512,"column":71},"end":{"line":512,"column":93}}],"line":512},"46":{"loc":{"start":{"line":513,"column":21},"end":{"line":513,"column":62}},"type":"binary-expr","locations":[{"start":{"line":513,"column":21},"end":{"line":513,"column":37}},{"start":{"line":513,"column":41},"end":{"line":513,"column":62}}],"line":513},"47":{"loc":{"start":{"line":563,"column":16},"end":{"line":563,"column":47}},"type":"cond-expr","locations":[{"start":{"line":563,"column":40},"end":{"line":563,"column":42}},{"start":{"line":563,"column":45},"end":{"line":563,"column":47}}],"line":563},"48":{"loc":{"start":{"line":638,"column":8},"end":{"line":641,"column":5}},"type":"binary-expr","locations":[{"start":{"line":638,"column":8},"end":{"line":638,"column":29}},{"start":{"line":638,"column":33},"end":{"line":641,"column":5}}],"line":638},"49":{"loc":{"start":{"line":644,"column":12},"end":{"line":644,"column":43}},"type":"cond-expr","locations":[{"start":{"line":644,"column":36},"end":{"line":644,"column":38}},{"start":{"line":644,"column":41},"end":{"line":644,"column":43}}],"line":644},"50":{"loc":{"start":{"line":647,"column":8},"end":{"line":649,"column":5}},"type":"binary-expr","locations":[{"start":{"line":647,"column":8},"end":{"line":647,"column":33}},{"start":{"line":647,"column":37},"end":{"line":649,"column":5}}],"line":647}},"s":{"0":1,"1":396,"2":396,"3":138,"4":396,"5":0,"6":0,"7":396,"8":2376,"9":1,"10":1,"11":1,"12":1,"13":1,"14":1,"15":74,"16":74,"17":74,"18":74,"19":74,"20":74,"21":74,"22":74,"23":74,"24":74,"25":24,"26":24,"27":74,"28":10,"29":0,"30":10,"31":10,"32":10,"33":10,"34":10,"35":9,"36":1,"37":74,"38":11,"39":11,"40":2,"41":11,"42":1,"43":10,"44":1,"45":11,"46":1,"47":11,"48":1,"49":11,"50":1,"51":11,"52":1,"53":11,"54":11,"55":74,"56":11,"57":8,"58":3,"59":3,"60":3,"61":1,"62":0,"63":0,"64":1,"65":74,"66":8,"67":8,"68":8,"69":1,"70":1,"71":1,"72":1,"73":74,"74":4,"75":3,"76":1,"77":0,"78":65,"79":0,"80":0,"81":204,"82":0,"83":18,"84":0,"85":0,"86":0,"87":340,"88":0,"89":30,"90":0,"91":65,"92":0,"93":0,"94":476,"95":0,"96":42,"97":0,"98":0,"99":0,"100":476,"101":0,"102":42,"103":0,"104":0,"105":0,"106":272,"107":0,"108":24,"109":0,"110":0,"111":0,"112":272,"113":0,"114":24,"115":1},"f":{"0":396,"1":138,"2":0,"3":2376,"4":74,"5":24,"6":10,"7":11,"8":11,"9":8,"10":8,"11":1,"12":4,"13":3,"14":1,"15":0,"16":65,"17":0,"18":0,"19":204,"20":0,"21":18,"22":0,"23":0,"24":0,"25":340,"26":0,"27":30,"28":0,"29":65,"30":0,"31":0,"32":476,"33":0,"34":42,"35":0,"36":0,"37":0,"38":476,"39":0,"40":42,"41":0,"42":0,"43":0,"44":272,"45":0,"46":24,"47":0,"48":0,"49":0,"50":272,"51":0,"52":24},"b":{"0":[0,10],"1":[9,1],"2":[10,1,1],"3":[2,9],"4":[1,10],"5":[1,9],"6":[1,10],"7":[1,10],"8":[1,10],"9":[1,10],"10":[8,3],"11":[1,7],"12":[68,6],"13":[3,71],"14":[74,2],"15":[74,2],"16":[74,2],"17":[74,2],"18":[68,6],"19":[68,1],"20":[68,3],"21":[65,3],"22":[65,0],"23":[6,0],"24":[74,1],"25":[68,6],"26":[68,1],"27":[68,3],"28":[68,3],"29":[6,0],"30":[74,1],"31":[68,6],"32":[68,1],"33":[68,3],"34":[65,3],"35":[65,0],"36":[6,0],"37":[74,1],"38":[68,6],"39":[68,0],"40":[68,0],"41":[68,6],"42":[68,0],"43":[68,0],"44":[68,6],"45":[68,0],"46":[68,0],"47":[1,0],"48":[1,1],"49":[1,0],"50":[1,0]},"_coverageSchema":"1a1c01bbd47fc00a2c39e90264f33305004495a9","hash":"049bd7000416a84016b6fc2877e07003e307cc35"}
,"/Users/icebergslim/projects/voyager-RN/src/components/profile/PhotoGrid.tsx": {"path":"/Users/icebergslim/projects/voyager-RN/src/components/profile/PhotoGrid.tsx","statementMap":{"0":{"start":{"line":19,"column":18},"end":{"line":19,"column":42}},"1":{"start":{"line":20,"column":19},"end":{"line":20,"column":35}},"2":{"start":{"line":36,"column":51},"end":{"line":112,"column":1}},"3":{"start":{"line":42,"column":22},"end":{"line":51,"column":3}},"4":{"start":{"line":43,"column":4},"end":{"line":50,"column":23}},"5":{"start":{"line":45,"column":21},"end":{"line":45,"column":39}},"6":{"start":{"line":53,"column":26},"end":{"line":67,"column":3}},"7":{"start":{"line":54,"column":4},"end":{"line":54,"column":57}},"8":{"start":{"line":54,"column":45},"end":{"line":54,"column":57}},"9":{"start":{"line":56,"column":4},"end":{"line":66,"column":6}},"10":{"start":{"line":69,"column":22},"end":{"line":81,"column":3}},"11":{"start":{"line":70,"column":4},"end":{"line":80,"column":11}},"12":{"start":{"line":83,"column":19},"end":{"line":85,"column":12}},"13":{"start":{"line":87,"column":2},"end":{"line":111,"column":4}},"14":{"start":{"line":102,"column":12},"end":{"line":102,"column":80}},"15":{"start":{"line":104,"column":34},"end":{"line":104,"column":41}},"16":{"start":{"line":114,"column":15},"end":{"line":187,"column":2}}},"fnMap":{"0":{"name":"(anonymous_0)","decl":{"start":{"line":36,"column":51},"end":{"line":36,"column":52}},"loc":{"start":{"line":41,"column":6},"end":{"line":112,"column":1}},"line":41},"1":{"name":"(anonymous_1)","decl":{"start":{"line":42,"column":22},"end":{"line":42,"column":23}},"loc":{"start":{"line":43,"column":4},"end":{"line":50,"column":23}},"line":43},"2":{"name":"(anonymous_2)","decl":{"start":{"line":45,"column":15},"end":{"line":45,"column":16}},"loc":{"start":{"line":45,"column":21},"end":{"line":45,"column":39}},"line":45},"3":{"name":"(anonymous_3)","decl":{"start":{"line":53,"column":26},"end":{"line":53,"column":27}},"loc":{"start":{"line":53,"column":32},"end":{"line":67,"column":3}},"line":53},"4":{"name":"(anonymous_4)","decl":{"start":{"line":69,"column":22},"end":{"line":69,"column":23}},"loc":{"start":{"line":70,"column":4},"end":{"line":80,"column":11}},"line":70},"5":{"name":"(anonymous_5)","decl":{"start":{"line":101,"column":22},"end":{"line":101,"column":23}},"loc":{"start":{"line":102,"column":12},"end":{"line":102,"column":80}},"line":102},"6":{"name":"(anonymous_6)","decl":{"start":{"line":104,"column":24},"end":{"line":104,"column":25}},"loc":{"start":{"line":104,"column":34},"end":{"line":104,"column":41}},"line":104}},"branchMap":{"0":{"loc":{"start":{"line":46,"column":36},"end":{"line":46,"column":66}},"type":"binary-expr","locations":[{"start":{"line":46,"column":36},"end":{"line":46,"column":48}},{"start":{"line":46,"column":52},"end":{"line":46,"column":66}}],"line":46},"1":{"loc":{"start":{"line":54,"column":4},"end":{"line":54,"column":57}},"type":"if","locations":[{"start":{"line":54,"column":4},"end":{"line":54,"column":57}},{"start":{},"end":{}}],"line":54},"2":{"loc":{"start":{"line":54,"column":8},"end":{"line":54,"column":43}},"type":"binary-expr","locations":[{"start":{"line":54,"column":8},"end":{"line":54,"column":21}},{"start":{"line":54,"column":25},"end":{"line":54,"column":43}}],"line":54},"3":{"loc":{"start":{"line":73,"column":9},"end":{"line":73,"column":64}},"type":"cond-expr","locations":[{"start":{"line":73,"column":24},"end":{"line":73,"column":39}},{"start":{"line":73,"column":42},"end":{"line":73,"column":64}}],"line":73},"4":{"loc":{"start":{"line":75,"column":7},"end":{"line":79,"column":7}},"type":"binary-expr","locations":[{"start":{"line":75,"column":7},"end":{"line":75,"column":19}},{"start":{"line":76,"column":8},"end":{"line":78,"column":27}}],"line":75},"5":{"loc":{"start":{"line":83,"column":19},"end":{"line":85,"column":12}},"type":"cond-expr","locations":[{"start":{"line":84,"column":6},"end":{"line":84,"column":72}},{"start":{"line":85,"column":6},"end":{"line":85,"column":12}}],"line":83},"6":{"loc":{"start":{"line":83,"column":19},"end":{"line":83,"column":52}},"type":"binary-expr","locations":[{"start":{"line":83,"column":19},"end":{"line":83,"column":31}},{"start":{"line":83,"column":35},"end":{"line":83,"column":52}}],"line":83},"7":{"loc":{"start":{"line":96,"column":7},"end":{"line":109,"column":7}},"type":"cond-expr","locations":[{"start":{"line":97,"column":8},"end":{"line":97,"column":21}},{"start":{"line":99,"column":8},"end":{"line":108,"column":10}}],"line":96},"8":{"loc":{"start":{"line":102,"column":12},"end":{"line":102,"column":80}},"type":"cond-expr","locations":[{"start":{"line":102,"column":39},"end":{"line":102,"column":56}},{"start":{"line":102,"column":59},"end":{"line":102,"column":80}}],"line":102}},"s":{"0":1,"1":1,"2":1,"3":23,"4":65,"5":2,"6":23,"7":14,"8":0,"9":14,"10":23,"11":5,"12":23,"13":23,"14":79,"15":131,"16":1},"f":{"0":23,"1":65,"2":2,"3":14,"4":5,"5":79,"6":131},"b":{"0":[65,36],"1":[0,14],"2":[14,14],"3":[3,2],"4":[5,3],"5":[17,6],"6":[23,19],"7":[5,18],"8":[14,65]},"_coverageSchema":"1a1c01bbd47fc00a2c39e90264f33305004495a9","hash":"d5d5e07ebdcd227d0adfbdd36101bcdf2e6d6323"}
,"/Users/icebergslim/projects/voyager-RN/src/components/profile/ProfileHeader.tsx": {"path":"/Users/icebergslim/projects/voyager-RN/src/components/profile/ProfileHeader.tsx","statementMap":{"0":{"start":{"line":28,"column":59},"end":{"line":117,"column":1}},"1":{"start":{"line":37,"column":26},"end":{"line":43,"column":3}},"2":{"start":{"line":38,"column":4},"end":{"line":40,"column":5}},"3":{"start":{"line":39,"column":6},"end":{"line":39,"column":31}},"4":{"start":{"line":42,"column":4},"end":{"line":42,"column":62}},"5":{"start":{"line":45,"column":31},"end":{"line":49,"column":3}},"6":{"start":{"line":46,"column":4},"end":{"line":46,"column":52}},"7":{"start":{"line":46,"column":35},"end":{"line":46,"column":52}},"8":{"start":{"line":47,"column":4},"end":{"line":47,"column":52}},"9":{"start":{"line":47,"column":35},"end":{"line":47,"column":52}},"10":{"start":{"line":48,"column":4},"end":{"line":48,"column":21}},"11":{"start":{"line":51,"column":31},"end":{"line":55,"column":3}},"12":{"start":{"line":52,"column":4},"end":{"line":52,"column":53}},"13":{"start":{"line":52,"column":35},"end":{"line":52,"column":53}},"14":{"start":{"line":53,"column":4},"end":{"line":53,"column":57}},"15":{"start":{"line":53,"column":35},"end":{"line":53,"column":57}},"16":{"start":{"line":54,"column":4},"end":{"line":54,"column":24}},"17":{"start":{"line":57,"column":2},"end":{"line":116,"column":4}},"18":{"start":{"line":119,"column":15},"end":{"line":208,"column":2}}},"fnMap":{"0":{"name":"(anonymous_0)","decl":{"start":{"line":28,"column":59},"end":{"line":28,"column":60}},"loc":{"start":{"line":36,"column":6},"end":{"line":117,"column":1}},"line":36},"1":{"name":"(anonymous_1)","decl":{"start":{"line":37,"column":26},"end":{"line":37,"column":27}},"loc":{"start":{"line":37,"column":32},"end":{"line":43,"column":3}},"line":37},"2":{"name":"(anonymous_2)","decl":{"start":{"line":45,"column":31},"end":{"line":45,"column":32}},"loc":{"start":{"line":45,"column":37},"end":{"line":49,"column":3}},"line":45},"3":{"name":"(anonymous_3)","decl":{"start":{"line":51,"column":31},"end":{"line":51,"column":32}},"loc":{"start":{"line":51,"column":37},"end":{"line":55,"column":3}},"line":51}},"branchMap":{"0":{"loc":{"start":{"line":38,"column":4},"end":{"line":40,"column":5}},"type":"if","locations":[{"start":{"line":38,"column":4},"end":{"line":40,"column":5}},{"start":{},"end":{}}],"line":38},"1":{"loc":{"start":{"line":46,"column":4},"end":{"line":46,"column":52}},"type":"if","locations":[{"start":{"line":46,"column":4},"end":{"line":46,"column":52}},{"start":{},"end":{}}],"line":46},"2":{"loc":{"start":{"line":47,"column":4},"end":{"line":47,"column":52}},"type":"if","locations":[{"start":{"line":47,"column":4},"end":{"line":47,"column":52}},{"start":{},"end":{}}],"line":47},"3":{"loc":{"start":{"line":52,"column":4},"end":{"line":52,"column":53}},"type":"if","locations":[{"start":{"line":52,"column":4},"end":{"line":52,"column":53}},{"start":{},"end":{}}],"line":52},"4":{"loc":{"start":{"line":53,"column":4},"end":{"line":53,"column":57}},"type":"if","locations":[{"start":{"line":53,"column":4},"end":{"line":53,"column":57}},{"start":{},"end":{}}],"line":53},"5":{"loc":{"start":{"line":77,"column":42},"end":{"line":77,"column":62}},"type":"binary-expr","locations":[{"start":{"line":77,"column":42},"end":{"line":77,"column":53}},{"start":{"line":77,"column":57},"end":{"line":77,"column":62}}],"line":77},"6":{"loc":{"start":{"line":78,"column":9},"end":{"line":83,"column":9}},"type":"binary-expr","locations":[{"start":{"line":78,"column":9},"end":{"line":78,"column":17}},{"start":{"line":79,"column":10},"end":{"line":82,"column":17}}],"line":78},"7":{"loc":{"start":{"line":84,"column":9},"end":{"line":84,"column":53}},"type":"binary-expr","locations":[{"start":{"line":84,"column":9},"end":{"line":84,"column":12}},{"start":{"line":84,"column":16},"end":{"line":84,"column":53}}],"line":84},"8":{"loc":{"start":{"line":96,"column":18},"end":{"line":96,"column":81}},"type":"cond-expr","locations":[{"start":{"line":96,"column":46},"end":{"line":96,"column":64}},{"start":{"line":96,"column":67},"end":{"line":96,"column":81}}],"line":96}},"s":{"0":0,"1":0,"2":0,"3":0,"4":0,"5":0,"6":0,"7":0,"8":0,"9":0,"10":0,"11":0,"12":0,"13":0,"14":0,"15":0,"16":0,"17":0,"18":0},"f":{"0":0,"1":0,"2":0,"3":0},"b":{"0":[0,0],"1":[0,0],"2":[0,0],"3":[0,0],"4":[0,0],"5":[0,0],"6":[0,0],"7":[0,0],"8":[0,0]}}
,"/Users/icebergslim/projects/voyager-RN/src/pages/ProfilePage.tsx": {"path":"/Users/icebergslim/projects/voyager-RN/src/pages/ProfilePage.tsx","statementMap":{"0":{"start":{"line":30,"column":30},"end":{"line":298,"column":1}},"1":{"start":{"line":31,"column":24},"end":{"line":31,"column":34}},"2":{"start":{"line":32,"column":66},"end":{"line":32,"column":82}},"3":{"start":{"line":34,"column":36},"end":{"line":34,"column":64}},"4":{"start":{"line":35,"column":50},"end":{"line":35,"column":65}},"5":{"start":{"line":36,"column":30},"end":{"line":36,"column":51}},"6":{"start":{"line":39,"column":32},"end":{"line":62,"column":3}},"7":{"start":{"line":40,"column":4},"end":{"line":40,"column":31}},"8":{"start":{"line":40,"column":22},"end":{"line":40,"column":31}},"9":{"start":{"line":42,"column":16},"end":{"line":42,"column":17}},"10":{"start":{"line":43,"column":20},"end":{"line":51,"column":5}},"11":{"start":{"line":53,"column":4},"end":{"line":53,"column":56}},"12":{"start":{"line":53,"column":30},"end":{"line":53,"column":56}},"13":{"start":{"line":54,"column":4},"end":{"line":54,"column":46}},"14":{"start":{"line":54,"column":25},"end":{"line":54,"column":46}},"15":{"start":{"line":55,"column":4},"end":{"line":55,"column":46}},"16":{"start":{"line":55,"column":25},"end":{"line":55,"column":46}},"17":{"start":{"line":56,"column":4},"end":{"line":56,"column":52}},"18":{"start":{"line":56,"column":28},"end":{"line":56,"column":52}},"19":{"start":{"line":57,"column":4},"end":{"line":57,"column":74}},"20":{"start":{"line":57,"column":39},"end":{"line":57,"column":74}},"21":{"start":{"line":58,"column":4},"end":{"line":58,"column":52}},"22":{"start":{"line":58,"column":28},"end":{"line":58,"column":52}},"23":{"start":{"line":59,"column":4},"end":{"line":59,"column":56}},"24":{"start":{"line":59,"column":30},"end":{"line":59,"column":56}},"25":{"start":{"line":61,"column":4},"end":{"line":61,"column":17}},"26":{"start":{"line":64,"column":28},"end":{"line":66,"column":3}},"27":{"start":{"line":65,"column":4},"end":{"line":65,"column":30}},"28":{"start":{"line":68,"column":28},"end":{"line":77,"column":3}},"29":{"start":{"line":69,"column":4},"end":{"line":76,"column":5}},"30":{"start":{"line":70,"column":6},"end":{"line":70,"column":32}},"31":{"start":{"line":71,"column":6},"end":{"line":71,"column":59}},"32":{"start":{"line":73,"column":6},"end":{"line":73,"column":54}},"33":{"start":{"line":74,"column":6},"end":{"line":74,"column":53}},"34":{"start":{"line":75,"column":6},"end":{"line":75,"column":18}},"35":{"start":{"line":79,"column":25},"end":{"line":112,"column":3}},"36":{"start":{"line":80,"column":4},"end":{"line":111,"column":5}},"37":{"start":{"line":82,"column":25},"end":{"line":82,"column":80}},"38":{"start":{"line":84,"column":6},"end":{"line":87,"column":7}},"39":{"start":{"line":85,"column":8},"end":{"line":85,"column":50}},"40":{"start":{"line":86,"column":8},"end":{"line":86,"column":15}},"41":{"start":{"line":90,"column":21},"end":{"line":95,"column":8}},"42":{"start":{"line":97,"column":6},"end":{"line":107,"column":7}},"43":{"start":{"line":99,"column":32},"end":{"line":103,"column":9}},"44":{"start":{"line":105,"column":8},"end":{"line":105,"column":49}},"45":{"start":{"line":105,"column":28},"end":{"line":105,"column":47}},"46":{"start":{"line":106,"column":8},"end":{"line":106,"column":57}},"47":{"start":{"line":109,"column":6},"end":{"line":109,"column":50}},"48":{"start":{"line":110,"column":6},"end":{"line":110,"column":48}},"49":{"start":{"line":114,"column":27},"end":{"line":124,"column":3}},"50":{"start":{"line":116,"column":4},"end":{"line":123,"column":5}},"51":{"start":{"line":117,"column":6},"end":{"line":117,"column":60}},"52":{"start":{"line":119,"column":6},"end":{"line":122,"column":9}},"53":{"start":{"line":120,"column":63},"end":{"line":120,"column":90}},"54":{"start":{"line":126,"column":28},"end":{"line":129,"column":3}},"55":{"start":{"line":127,"column":4},"end":{"line":127,"column":62}},"56":{"start":{"line":127,"column":24},"end":{"line":127,"column":60}},"57":{"start":{"line":127,"column":43},"end":{"line":127,"column":59}},"58":{"start":{"line":128,"column":4},"end":{"line":128,"column":42}},"59":{"start":{"line":131,"column":24},"end":{"line":138,"column":3}},"60":{"start":{"line":132,"column":4},"end":{"line":137,"column":5}},"61":{"start":{"line":133,"column":6},"end":{"line":133,"column":26}},"62":{"start":{"line":136,"column":6},"end":{"line":136,"column":46}},"63":{"start":{"line":140,"column":2},"end":{"line":148,"column":3}},"64":{"start":{"line":141,"column":4},"end":{"line":147,"column":6}},"65":{"start":{"line":150,"column":35},"end":{"line":160,"column":3}},"66":{"start":{"line":162,"column":27},"end":{"line":230,"column":3}},"67":{"start":{"line":163,"column":4},"end":{"line":229,"column":5}},"68":{"start":{"line":165,"column":8},"end":{"line":201,"column":10}},"69":{"start":{"line":204,"column":8},"end":{"line":211,"column":10}},"70":{"start":{"line":214,"column":8},"end":{"line":218,"column":10}},"71":{"start":{"line":221,"column":8},"end":{"line":225,"column":10}},"72":{"start":{"line":228,"column":8},"end":{"line":228,"column":20}},"73":{"start":{"line":232,"column":2},"end":{"line":297,"column":4}},"74":{"start":{"line":250,"column":27},"end":{"line":250,"column":50}},"75":{"start":{"line":259,"column":27},"end":{"line":259,"column":49}},"76":{"start":{"line":268,"column":27},"end":{"line":268,"column":49}},"77":{"start":{"line":277,"column":27},"end":{"line":277,"column":52}},"78":{"start":{"line":292,"column":23},"end":{"line":292,"column":49}},"79":{"start":{"line":300,"column":15},"end":{"line":424,"column":2}}},"fnMap":{"0":{"name":"(anonymous_0)","decl":{"start":{"line":30,"column":30},"end":{"line":30,"column":31}},"loc":{"start":{"line":30,"column":36},"end":{"line":298,"column":1}},"line":30},"1":{"name":"(anonymous_1)","decl":{"start":{"line":39,"column":32},"end":{"line":39,"column":33}},"loc":{"start":{"line":39,"column":46},"end":{"line":62,"column":3}},"line":39},"2":{"name":"(anonymous_2)","decl":{"start":{"line":64,"column":28},"end":{"line":64,"column":29}},"loc":{"start":{"line":64,"column":34},"end":{"line":66,"column":3}},"line":64},"3":{"name":"(anonymous_3)","decl":{"start":{"line":68,"column":28},"end":{"line":68,"column":29}},"loc":{"start":{"line":68,"column":57},"end":{"line":77,"column":3}},"line":68},"4":{"name":"(anonymous_4)","decl":{"start":{"line":79,"column":25},"end":{"line":79,"column":26}},"loc":{"start":{"line":79,"column":37},"end":{"line":112,"column":3}},"line":79},"5":{"name":"(anonymous_5)","decl":{"start":{"line":105,"column":18},"end":{"line":105,"column":19}},"loc":{"start":{"line":105,"column":28},"end":{"line":105,"column":47}},"line":105},"6":{"name":"(anonymous_6)","decl":{"start":{"line":114,"column":27},"end":{"line":114,"column":28}},"loc":{"start":{"line":114,"column":45},"end":{"line":124,"column":3}},"line":114},"7":{"name":"(anonymous_7)","decl":{"start":{"line":120,"column":57},"end":{"line":120,"column":58}},"loc":{"start":{"line":120,"column":63},"end":{"line":120,"column":90}},"line":120},"8":{"name":"(anonymous_8)","decl":{"start":{"line":126,"column":28},"end":{"line":126,"column":29}},"loc":{"start":{"line":126,"column":49},"end":{"line":129,"column":3}},"line":126},"9":{"name":"(anonymous_9)","decl":{"start":{"line":127,"column":14},"end":{"line":127,"column":15}},"loc":{"start":{"line":127,"column":24},"end":{"line":127,"column":60}},"line":127},"10":{"name":"(anonymous_10)","decl":{"start":{"line":127,"column":36},"end":{"line":127,"column":37}},"loc":{"start":{"line":127,"column":43},"end":{"line":127,"column":59}},"line":127},"11":{"name":"(anonymous_11)","decl":{"start":{"line":131,"column":24},"end":{"line":131,"column":25}},"loc":{"start":{"line":131,"column":36},"end":{"line":138,"column":3}},"line":131},"12":{"name":"(anonymous_12)","decl":{"start":{"line":162,"column":27},"end":{"line":162,"column":28}},"loc":{"start":{"line":162,"column":33},"end":{"line":230,"column":3}},"line":162},"13":{"name":"(anonymous_13)","decl":{"start":{"line":250,"column":21},"end":{"line":250,"column":22}},"loc":{"start":{"line":250,"column":27},"end":{"line":250,"column":50}},"line":250},"14":{"name":"(anonymous_14)","decl":{"start":{"line":259,"column":21},"end":{"line":259,"column":22}},"loc":{"start":{"line":259,"column":27},"end":{"line":259,"column":49}},"line":259},"15":{"name":"(anonymous_15)","decl":{"start":{"line":268,"column":21},"end":{"line":268,"column":22}},"loc":{"start":{"line":268,"column":27},"end":{"line":268,"column":49}},"line":268},"16":{"name":"(anonymous_16)","decl":{"start":{"line":277,"column":21},"end":{"line":277,"column":22}},"loc":{"start":{"line":277,"column":27},"end":{"line":277,"column":52}},"line":277},"17":{"name":"(anonymous_17)","decl":{"start":{"line":292,"column":17},"end":{"line":292,"column":18}},"loc":{"start":{"line":292,"column":23},"end":{"line":292,"column":49}},"line":292}},"branchMap":{"0":{"loc":{"start":{"line":40,"column":4},"end":{"line":40,"column":31}},"type":"if","locations":[{"start":{"line":40,"column":4},"end":{"line":40,"column":31}},{"start":{},"end":{}}],"line":40},"1":{"loc":{"start":{"line":53,"column":4},"end":{"line":53,"column":56}},"type":"if","locations":[{"start":{"line":53,"column":4},"end":{"line":53,"column":56}},{"start":{},"end":{}}],"line":53},"2":{"loc":{"start":{"line":54,"column":4},"end":{"line":54,"column":46}},"type":"if","locations":[{"start":{"line":54,"column":4},"end":{"line":54,"column":46}},{"start":{},"end":{}}],"line":54},"3":{"loc":{"start":{"line":55,"column":4},"end":{"line":55,"column":46}},"type":"if","locations":[{"start":{"line":55,"column":4},"end":{"line":55,"column":46}},{"start":{},"end":{}}],"line":55},"4":{"loc":{"start":{"line":56,"column":4},"end":{"line":56,"column":52}},"type":"if","locations":[{"start":{"line":56,"column":4},"end":{"line":56,"column":52}},{"start":{},"end":{}}],"line":56},"5":{"loc":{"start":{"line":57,"column":4},"end":{"line":57,"column":74}},"type":"if","locations":[{"start":{"line":57,"column":4},"end":{"line":57,"column":74}},{"start":{},"end":{}}],"line":57},"6":{"loc":{"start":{"line":58,"column":4},"end":{"line":58,"column":52}},"type":"if","locations":[{"start":{"line":58,"column":4},"end":{"line":58,"column":52}},{"start":{},"end":{}}],"line":58},"7":{"loc":{"start":{"line":59,"column":4},"end":{"line":59,"column":56}},"type":"if","locations":[{"start":{"line":59,"column":4},"end":{"line":59,"column":56}},{"start":{},"end":{}}],"line":59},"8":{"loc":{"start":{"line":84,"column":6},"end":{"line":87,"column":7}},"type":"if","locations":[{"start":{"line":84,"column":6},"end":{"line":87,"column":7}},{"start":{},"end":{}}],"line":84},"9":{"loc":{"start":{"line":97,"column":6},"end":{"line":107,"column":7}},"type":"if","locations":[{"start":{"line":97,"column":6},"end":{"line":107,"column":7}},{"start":{},"end":{}}],"line":97},"10":{"loc":{"start":{"line":97,"column":10},"end":{"line":97,"column":46}},"type":"binary-expr","locations":[{"start":{"line":97,"column":10},"end":{"line":97,"column":26}},{"start":{"line":97,"column":30},"end":{"line":97,"column":46}}],"line":97},"11":{"loc":{"start":{"line":116,"column":4},"end":{"line":123,"column":5}},"type":"if","locations":[{"start":{"line":116,"column":4},"end":{"line":123,"column":5}},{"start":{"line":118,"column":11},"end":{"line":123,"column":5}}],"line":116},"12":{"loc":{"start":{"line":117,"column":27},"end":{"line":117,"column":58}},"type":"binary-expr","locations":[{"start":{"line":117,"column":27},"end":{"line":117,"column":40}},{"start":{"line":117,"column":44},"end":{"line":117,"column":58}}],"line":117},"13":{"loc":{"start":{"line":119,"column":27},"end":{"line":119,"column":58}},"type":"binary-expr","locations":[{"start":{"line":119,"column":27},"end":{"line":119,"column":40}},{"start":{"line":119,"column":44},"end":{"line":119,"column":58}}],"line":119},"14":{"loc":{"start":{"line":140,"column":2},"end":{"line":148,"column":3}},"type":"if","locations":[{"start":{"line":140,"column":2},"end":{"line":148,"column":3}},{"start":{},"end":{}}],"line":140},"15":{"loc":{"start":{"line":151,"column":14},"end":{"line":151,"column":40}},"type":"binary-expr","locations":[{"start":{"line":151,"column":14},"end":{"line":151,"column":34}},{"start":{"line":151,"column":38},"end":{"line":151,"column":40}}],"line":151},"16":{"loc":{"start":{"line":152,"column":9},"end":{"line":152,"column":30}},"type":"binary-expr","locations":[{"start":{"line":152,"column":9},"end":{"line":152,"column":24}},{"start":{"line":152,"column":28},"end":{"line":152,"column":30}}],"line":152},"17":{"loc":{"start":{"line":153,"column":9},"end":{"line":153,"column":30}},"type":"binary-expr","locations":[{"start":{"line":153,"column":9},"end":{"line":153,"column":24}},{"start":{"line":153,"column":28},"end":{"line":153,"column":30}}],"line":153},"18":{"loc":{"start":{"line":154,"column":12},"end":{"line":154,"column":36}},"type":"binary-expr","locations":[{"start":{"line":154,"column":12},"end":{"line":154,"column":30}},{"start":{"line":154,"column":34},"end":{"line":154,"column":36}}],"line":154},"19":{"loc":{"start":{"line":155,"column":23},"end":{"line":155,"column":58}},"type":"binary-expr","locations":[{"start":{"line":155,"column":23},"end":{"line":155,"column":52}},{"start":{"line":155,"column":56},"end":{"line":155,"column":58}}],"line":155},"20":{"loc":{"start":{"line":156,"column":12},"end":{"line":156,"column":36}},"type":"binary-expr","locations":[{"start":{"line":156,"column":12},"end":{"line":156,"column":30}},{"start":{"line":156,"column":34},"end":{"line":156,"column":36}}],"line":156},"21":{"loc":{"start":{"line":157,"column":9},"end":{"line":157,"column":30}},"type":"binary-expr","locations":[{"start":{"line":157,"column":9},"end":{"line":157,"column":24}},{"start":{"line":157,"column":28},"end":{"line":157,"column":30}}],"line":157},"22":{"loc":{"start":{"line":158,"column":14},"end":{"line":158,"column":40}},"type":"binary-expr","locations":[{"start":{"line":158,"column":14},"end":{"line":158,"column":34}},{"start":{"line":158,"column":38},"end":{"line":158,"column":40}}],"line":158},"23":{"loc":{"start":{"line":159,"column":13},"end":{"line":159,"column":38}},"type":"binary-expr","locations":[{"start":{"line":159,"column":13},"end":{"line":159,"column":32}},{"start":{"line":159,"column":36},"end":{"line":159,"column":38}}],"line":159},"24":{"loc":{"start":{"line":163,"column":4},"end":{"line":229,"column":5}},"type":"switch","locations":[{"start":{"line":164,"column":6},"end":{"line":201,"column":10}},{"start":{"line":203,"column":6},"end":{"line":211,"column":10}},{"start":{"line":213,"column":6},"end":{"line":218,"column":10}},{"start":{"line":220,"column":6},"end":{"line":225,"column":10}},{"start":{"line":227,"column":6},"end":{"line":228,"column":20}}],"line":163},"25":{"loc":{"start":{"line":237,"column":23},"end":{"line":237,"column":76}},"type":"binary-expr","locations":[{"start":{"line":237,"column":23},"end":{"line":237,"column":43}},{"start":{"line":237,"column":47},"end":{"line":237,"column":70}},{"start":{"line":237,"column":74},"end":{"line":237,"column":76}}],"line":237},"26":{"loc":{"start":{"line":249,"column":32},"end":{"line":249,"column":75}},"type":"binary-expr","locations":[{"start":{"line":249,"column":32},"end":{"line":249,"column":55}},{"start":{"line":249,"column":59},"end":{"line":249,"column":75}}],"line":249},"27":{"loc":{"start":{"line":252,"column":42},"end":{"line":252,"column":89}},"type":"binary-expr","locations":[{"start":{"line":252,"column":42},"end":{"line":252,"column":65}},{"start":{"line":252,"column":69},"end":{"line":252,"column":89}}],"line":252},"28":{"loc":{"start":{"line":258,"column":32},"end":{"line":258,"column":74}},"type":"binary-expr","locations":[{"start":{"line":258,"column":32},"end":{"line":258,"column":54}},{"start":{"line":258,"column":58},"end":{"line":258,"column":74}}],"line":258},"29":{"loc":{"start":{"line":261,"column":42},"end":{"line":261,"column":88}},"type":"binary-expr","locations":[{"start":{"line":261,"column":42},"end":{"line":261,"column":64}},{"start":{"line":261,"column":68},"end":{"line":261,"column":88}}],"line":261},"30":{"loc":{"start":{"line":267,"column":32},"end":{"line":267,"column":74}},"type":"binary-expr","locations":[{"start":{"line":267,"column":32},"end":{"line":267,"column":54}},{"start":{"line":267,"column":58},"end":{"line":267,"column":74}}],"line":267},"31":{"loc":{"start":{"line":270,"column":42},"end":{"line":270,"column":88}},"type":"binary-expr","locations":[{"start":{"line":270,"column":42},"end":{"line":270,"column":64}},{"start":{"line":270,"column":68},"end":{"line":270,"column":88}}],"line":270},"32":{"loc":{"start":{"line":276,"column":32},"end":{"line":276,"column":77}},"type":"binary-expr","locations":[{"start":{"line":276,"column":32},"end":{"line":276,"column":57}},{"start":{"line":276,"column":61},"end":{"line":276,"column":77}}],"line":276},"33":{"loc":{"start":{"line":279,"column":42},"end":{"line":279,"column":91}},"type":"binary-expr","locations":[{"start":{"line":279,"column":42},"end":{"line":279,"column":67}},{"start":{"line":279,"column":71},"end":{"line":279,"column":91}}],"line":279}},"s":{"0":0,"1":0,"2":0,"3":0,"4":0,"5":0,"6":0,"7":0,"8":0,"9":0,"10":0,"11":0,"12":0,"13":0,"14":0,"15":0,"16":0,"17":0,"18":0,"19":0,"20":0,"21":0,"22":0,"23":0,"24":0,"25":0,"26":0,"27":0,"28":0,"29":0,"30":0,"31":0,"32":0,"33":0,"34":0,"35":0,"36":0,"37":0,"38":0,"39":0,"40":0,"41":0,"42":0,"43":0,"44":0,"45":0,"46":0,"47":0,"48":0,"49":0,"50":0,"51":0,"52":0,"53":0,"54":0,"55":0,"56":0,"57":0,"58":0,"59":0,"60":0,"61":0,"62":0,"63":0,"64":0,"65":0,"66":0,"67":0,"68":0,"69":0,"70":0,"71":0,"72":0,"73":0,"74":0,"75":0,"76":0,"77":0,"78":0,"79":0},"f":{"0":0,"1":0,"2":0,"3":0,"4":0,"5":0,"6":0,"7":0,"8":0,"9":0,"10":0,"11":0,"12":0,"13":0,"14":0,"15":0,"16":0,"17":0},"b":{"0":[0,0],"1":[0,0],"2":[0,0],"3":[0,0],"4":[0,0],"5":[0,0],"6":[0,0],"7":[0,0],"8":[0,0],"9":[0,0],"10":[0,0],"11":[0,0],"12":[0,0],"13":[0,0],"14":[0,0],"15":[0,0],"16":[0,0],"17":[0,0],"18":[0,0],"19":[0,0],"20":[0,0],"21":[0,0],"22":[0,0],"23":[0,0],"24":[0,0,0,0,0],"25":[0,0,0],"26":[0,0],"27":[0,0],"28":[0,0],"29":[0,0],"30":[0,0],"31":[0,0],"32":[0,0],"33":[0,0]}}
}
