TN:
SF:src/components/video/VideoGrid.tsx
FN:29,(anonymous_0)
FN:44,(anonymous_1)
FN:51,(anonymous_2)
FN:55,(anonymous_3)
FN:77,(anonymous_4)
FN:86,(anonymous_5)
FN:98,(anonymous_6)
FN:101,(anonymous_7)
FN:102,(anonymous_8)
FN:184,(anonymous_9)
FN:189,(anonymous_10)
FNF:11
FNH:10
FNDA:124,(anonymous_0)
FNDA:29,(anonymous_1)
FNDA:23,(anonymous_2)
FNDA:4,(anonymous_3)
FNDA:3,(anonymous_4)
FNDA:2,(anonymous_5)
FNDA:67,(anonymous_6)
FNDA:4,(anonymous_7)
FNDA:3,(anonymous_8)
FNDA:0,(anonymous_9)
FNDA:1,(anonymous_10)
DA:25,1
DA:26,1
DA:27,1
DA:29,1
DA:36,124
DA:38,124
DA:39,123
DA:40,123
DA:41,123
DA:44,123
DA:45,29
DA:46,29
DA:47,29
DA:48,29
DA:51,123
DA:52,23
DA:55,123
DA:56,4
DA:57,4
DA:59,4
DA:62,4
DA:69,4
DA:71,4
DA:72,4
DA:73,4
DA:77,123
DA:78,3
DA:87,2
DA:88,2
DA:89,2
DA:90,2
DA:98,123
DA:99,67
DA:101,4
DA:102,3
DA:122,123
DA:184,0
DA:189,1
DA:221,1
LF:39
LH:38
BRDA:57,0,0,0
BRDA:57,0,1,4
BRDA:71,1,0,4
BRDA:71,1,1,0
BRDA:88,2,0,2
BRDA:88,2,1,0
BRDA:105,3,0,32
BRDA:105,3,1,35
BRDA:131,4,0,123
BRDA:131,4,1,111
BRDA:133,5,0,12
BRDA:133,5,1,111
BRDA:148,6,0,123
BRDA:148,6,1,58
BRDA:148,6,2,41
BRDA:155,7,0,123
BRDA:155,7,1,65
BRDA:155,7,2,45
BRDA:171,8,0,123
BRDA:171,8,1,119
BRDA:194,9,0,123
BRDA:194,9,1,4
BRDA:203,10,0,4
BRDA:203,10,1,4
BRDA:206,11,0,4
BRDA:206,11,1,3
BRF:26
BRH:23
end_of_record
TN:
SF:src/hooks/photo/usePhotoUpload.ts
FN:64,(anonymous_0)
FN:81,(anonymous_1)
FN:93,(anonymous_2)
FN:94,(anonymous_3)
FN:103,(anonymous_4)
FN:123,(anonymous_5)
FN:157,(anonymous_6)
FN:162,(anonymous_7)
FN:261,(anonymous_8)
FN:263,(anonymous_9)
FN:271,(anonymous_10)
FN:330,uploadWithRetry
FN:358,(anonymous_12)
FNF:13
FNH:13
FNDA:91,(anonymous_0)
FNDA:14,(anonymous_1)
FNDA:2,(anonymous_2)
FNDA:2,(anonymous_3)
FNDA:3,(anonymous_4)
FNDA:18,(anonymous_5)
FNDA:14,(anonymous_6)
FNDA:1,(anonymous_7)
FNDA:5,(anonymous_8)
FNDA:1,(anonymous_9)
FNDA:4,(anonymous_10)
FNDA:17,uploadWithRetry
FNDA:7,(anonymous_12)
DA:64,1
DA:65,91
DA:66,91
DA:69,91
DA:71,91
DA:81,91
DA:82,14
DA:93,91
DA:94,2
DA:103,91
DA:104,3
DA:105,1
DA:108,2
DA:109,2
DA:110,1
DA:115,1
DA:117,1
DA:123,91
DA:124,18
DA:125,1
DA:129,17
DA:130,1
DA:131,1
DA:135,16
DA:136,16
DA:137,16
DA:139,16
DA:140,16
DA:142,16
DA:143,2
DA:150,16
DA:156,91
DA:161,14
DA:162,1
DA:166,1
DA:169,13
DA:171,13
DA:174,13
DA:175,13
DA:176,1
DA:177,1
DA:181,12
DA:182,12
DA:192,11
DA:193,1
DA:196,10
DA:197,10
DA:198,0
DA:202,10
DA:210,10
DA:218,7
DA:226,7
DA:227,7
DA:234,7
DA:237,7
DA:239,4
DA:243,4
DA:250,4
DA:251,4
DA:260,91
DA:262,5
DA:263,1
DA:267,1
DA:270,4
DA:271,4
DA:278,4
DA:281,2
DA:282,2
DA:289,2
DA:292,2
DA:299,2
DA:303,2
DA:310,2
DA:316,91
DA:337,17
DA:338,17
DA:341,10
DA:342,0
DA:347,0
DA:352,10
DA:353,7
DA:358,7
DA:360,7
DA:363,3
LF:84
LH:81
BRDA:66,0,0,91
BRDA:66,0,1,91
BRDA:104,1,0,1
BRDA:104,1,1,2
BRDA:109,2,0,1
BRDA:109,2,1,1
BRDA:124,3,0,1
BRDA:124,3,1,17
BRDA:129,4,0,1
BRDA:129,4,1,16
BRDA:142,5,0,2
BRDA:142,5,1,14
BRDA:161,6,0,1
BRDA:161,6,1,13
BRDA:175,7,0,1
BRDA:175,7,1,12
BRDA:184,8,0,12
BRDA:184,8,1,11
BRDA:185,9,0,12
BRDA:185,9,1,11
BRDA:185,10,0,0
BRDA:185,10,1,11
BRDA:188,11,0,12
BRDA:188,11,1,11
BRDA:189,12,0,12
BRDA:189,12,1,12
BRDA:192,13,0,1
BRDA:192,13,1,10
BRDA:197,14,0,0
BRDA:197,14,1,10
BRDA:226,15,0,7
BRDA:226,15,1,0
BRDA:239,16,0,0
BRDA:239,16,1,4
BRDA:262,17,0,1
BRDA:262,17,1,4
BRDA:281,18,0,2
BRDA:281,18,1,0
BRDA:299,19,0,0
BRDA:299,19,1,2
BRDA:335,20,0,10
BRDA:341,21,0,0
BRDA:341,21,1,10
BRDA:342,22,0,0
BRDA:342,22,1,0
BRDA:343,23,0,0
BRDA:343,23,1,0
BRDA:343,23,2,0
BRDA:352,24,0,7
BRDA:352,24,1,3
BRF:50
BRH:38
end_of_record
