TN:
SF:src/context/AlertContext.tsx
FN:20,(anonymous_0)
FN:21,(anonymous_1)
FN:38,(anonymous_2)
FNF:3
FNH:0
FNDA:0,(anonymous_0)
FNDA:0,(anonymous_1)
FNDA:0,(anonymous_2)
DA:14,1
DA:20,1
DA:21,0
DA:23,0
DA:27,0
DA:30,0
DA:38,1
DA:39,0
DA:40,0
DA:41,0
DA:43,0
LF:11
LH:3
BRDA:23,0,0,0
BRDA:23,0,1,0
BRDA:24,1,0,0
BRDA:24,1,1,0
BRDA:25,2,0,0
BRDA:25,2,1,0
BRDA:40,3,0,0
BRDA:40,3,1,0
BRF:8
BRH:0
end_of_record
TN:
SF:src/context/AuthContext.tsx
FN:23,(anonymous_0)
FN:26,(anonymous_1)
FN:28,(anonymous_2)
FN:29,(anonymous_3)
FN:46,(anonymous_4)
FN:47,(anonymous_5)
FN:53,(anonymous_6)
FN:58,(anonymous_7)
FN:63,(anonymous_8)
FN:64,(anonymous_9)
FN:67,(anonymous_10)
FN:69,(anonymous_11)
FN:74,(anonymous_12)
FN:75,(anonymous_13)
FN:78,(anonymous_14)
FN:80,(anonymous_15)
FN:85,(anonymous_16)
FN:86,(anonymous_17)
FN:89,(anonymous_18)
FN:91,(anonymous_19)
FN:102,(anonymous_20)
FNF:21
FNH:18
FNDA:34,(anonymous_0)
FNDA:7,(anonymous_1)
FNDA:7,(anonymous_2)
FNDA:7,(anonymous_3)
FNDA:3,(anonymous_4)
FNDA:3,(anonymous_5)
FNDA:1,(anonymous_6)
FNDA:1,(anonymous_7)
FNDA:1,(anonymous_8)
FNDA:1,(anonymous_9)
FNDA:1,(anonymous_10)
FNDA:0,(anonymous_11)
FNDA:1,(anonymous_12)
FNDA:1,(anonymous_13)
FNDA:1,(anonymous_14)
FNDA:0,(anonymous_15)
FNDA:1,(anonymous_16)
FNDA:1,(anonymous_17)
FNDA:1,(anonymous_18)
FNDA:0,(anonymous_19)
FNDA:34,(anonymous_20)
DA:15,2
DA:23,2
DA:24,34
DA:26,34
DA:28,7
DA:29,7
DA:30,7
DA:31,7
DA:32,7
DA:34,0
DA:35,0
DA:37,7
DA:40,0
DA:43,7
DA:46,34
DA:47,3
DA:48,3
DA:49,3
DA:50,2
DA:51,2
DA:53,1
DA:54,1
DA:58,34
DA:59,1
DA:60,1
DA:63,34
DA:64,1
DA:65,1
DA:66,1
DA:67,1
DA:69,0
DA:70,0
DA:74,34
DA:75,1
DA:76,1
DA:77,1
DA:78,1
DA:80,0
DA:81,0
DA:85,34
DA:86,1
DA:87,1
DA:88,1
DA:89,1
DA:91,0
DA:95,34
DA:102,2
DA:103,34
DA:104,34
DA:105,34
LF:50
LH:42
BRDA:32,0,0,0
BRDA:32,0,1,7
BRDA:35,1,0,0
BRDA:35,1,1,0
BRDA:50,2,0,2
BRDA:50,2,1,0
BRDA:51,3,0,2
BRDA:51,3,1,0
BRDA:89,4,0,1
BRDA:89,4,1,0
BRDA:104,5,0,0
BRDA:104,5,1,34
BRF:12
BRH:5
end_of_record
TN:
SF:src/context/UserProfileContext.tsx
FN:47,(anonymous_0)
FN:51,(anonymous_1)
FN:56,(anonymous_2)
FN:57,(anonymous_3)
FN:96,(anonymous_4)
FN:116,(anonymous_5)
FNF:6
FNH:0
FNDA:0,(anonymous_0)
FNDA:0,(anonymous_1)
FNDA:0,(anonymous_2)
FNDA:0,(anonymous_3)
FNDA:0,(anonymous_4)
FNDA:0,(anonymous_5)
DA:41,0
DA:47,0
DA:48,0
DA:49,0
DA:51,0
DA:52,0
DA:56,0
DA:57,0
DA:58,0
DA:59,0
DA:60,0
DA:62,0
DA:64,0
DA:66,0
DA:67,0
DA:69,0
DA:70,0
DA:73,0
DA:74,0
DA:75,0
DA:81,0
DA:82,0
DA:83,0
DA:84,0
DA:87,0
DA:89,0
DA:91,0
DA:96,0
DA:97,0
DA:98,0
DA:100,0
DA:101,0
DA:105,0
DA:108,0
DA:116,0
DA:117,0
DA:118,0
DA:119,0
DA:121,0
LF:39
LH:0
BRDA:62,0,0,0
BRDA:62,0,1,0
BRDA:66,1,0,0
BRDA:66,1,1,0
BRDA:74,2,0,0
BRDA:74,2,1,0
BRDA:83,3,0,0
BRDA:83,3,1,0
BRDA:97,4,0,0
BRDA:97,4,1,0
BRDA:118,5,0,0
BRDA:118,5,1,0
BRF:12
BRH:0
end_of_record
TN:
SF:src/repositories/AuthRepository.ts
FNF:0
FNH:0
LF:0
LH:0
BRF:0
BRH:0
end_of_record
TN:
SF:src/repositories/FirebaseAuthRepository.ts
FN:8,(anonymous_0)
FN:18,(anonymous_1)
FN:29,(anonymous_2)
FN:33,(anonymous_3)
FN:47,(anonymous_4)
FNF:5
FNH:0
FNDA:0,(anonymous_0)
FNDA:0,(anonymous_1)
FNDA:0,(anonymous_2)
FNDA:0,(anonymous_3)
FNDA:0,(anonymous_4)
DA:9,0
DA:10,0
DA:11,0
DA:12,0
DA:14,0
DA:15,0
DA:19,0
DA:21,0
DA:22,0
DA:24,0
DA:25,0
DA:26,0
DA:30,0
DA:36,0
DA:37,0
DA:38,0
DA:39,0
DA:42,0
DA:43,0
DA:44,0
DA:48,0
DA:49,0
DA:50,0
DA:51,0
DA:52,0
DA:53,0
LF:26
LH:0
BRDA:12,0,0,0
BRDA:12,0,1,0
BRDA:12,1,0,0
BRDA:12,1,1,0
BRDA:37,2,0,0
BRDA:37,2,1,0
BRDA:49,3,0,0
BRDA:49,3,1,0
BRDA:52,4,0,0
BRDA:52,4,1,0
BRDA:52,5,0,0
BRDA:52,5,1,0
BRF:12
BRH:0
end_of_record
TN:
SF:src/repositories/HttpAuthRepository.ts
FN:9,(anonymous_0)
FN:11,(anonymous_1)
FN:18,(anonymous_2)
FN:27,(anonymous_3)
FN:34,(anonymous_4)
FN:41,(anonymous_5)
FN:48,(anonymous_6)
FN:55,(anonymous_7)
FNF:8
FNH:0
FNDA:0,(anonymous_0)
FNDA:0,(anonymous_1)
FNDA:0,(anonymous_2)
FNDA:0,(anonymous_3)
FNDA:0,(anonymous_4)
FNDA:0,(anonymous_5)
FNDA:0,(anonymous_6)
FNDA:0,(anonymous_7)
DA:12,0
DA:17,0
DA:18,0
DA:19,0
DA:20,0
DA:21,0
DA:24,0
DA:28,0
DA:35,0
DA:42,0
DA:49,0
DA:56,0
LF:12
LH:0
BRDA:17,0,0,0
BRDA:17,0,1,0
BRDA:19,1,0,0
BRDA:19,1,1,0
BRF:4
BRH:0
end_of_record
TN:
SF:src/services/auth/AuthService.ts
FN:13,(anonymous_0)
FN:15,(anonymous_1)
FN:19,(anonymous_2)
FN:23,(anonymous_3)
FN:27,(anonymous_4)
FN:31,(anonymous_5)
FNF:6
FNH:0
FNDA:0,(anonymous_0)
FNDA:0,(anonymous_1)
FNDA:0,(anonymous_2)
FNDA:0,(anonymous_3)
FNDA:0,(anonymous_4)
FNDA:0,(anonymous_5)
DA:16,0
DA:20,0
DA:24,0
DA:28,0
DA:32,0
LF:5
LH:0
BRF:0
BRH:0
end_of_record
TN:
SF:src/utilities/auth/errorMap.ts
FN:10,(anonymous_0)
FNF:1
FNH:1
FNDA:9,(anonymous_0)
DA:2,3
DA:10,3
DA:11,9
DA:12,6
LF:4
LH:4
BRDA:11,0,0,3
BRDA:11,0,1,6
BRDA:11,1,0,3
BRDA:11,1,1,1
BRDA:12,2,0,6
BRDA:12,2,1,1
BRDA:12,2,2,0
BRF:7
BRH:6
end_of_record
TN:
SF:src/utilities/auth/testUtils.ts
FN:8,(anonymous_0)
FN:9,(anonymous_1)
FN:10,(anonymous_2)
FN:11,(anonymous_3)
FN:12,(anonymous_4)
FN:13,(anonymous_5)
FN:17,(anonymous_6)
FN:20,(anonymous_7)
FNF:8
FNH:0
FNDA:0,(anonymous_0)
FNDA:0,(anonymous_1)
FNDA:0,(anonymous_2)
FNDA:0,(anonymous_3)
FNDA:0,(anonymous_4)
FNDA:0,(anonymous_5)
FNDA:0,(anonymous_6)
FNDA:0,(anonymous_7)
DA:8,0
DA:9,0
DA:10,0
DA:13,0
DA:17,0
DA:18,0
DA:19,0
DA:20,0
DA:21,0
LF:9
LH:0
BRDA:18,0,0,0
BRDA:18,0,1,0
BRF:2
BRH:0
end_of_record
TN:
SF:src/utilities/auth/testUtils.tsx
FN:7,(anonymous_0)
FN:8,(anonymous_1)
FN:9,(anonymous_2)
FN:10,(anonymous_3)
FN:11,(anonymous_4)
FN:12,(anonymous_5)
FN:16,(anonymous_6)
FN:20,(anonymous_7)
FNF:8
FNH:0
FNDA:0,(anonymous_0)
FNDA:0,(anonymous_1)
FNDA:0,(anonymous_2)
FNDA:0,(anonymous_3)
FNDA:0,(anonymous_4)
FNDA:0,(anonymous_5)
FNDA:0,(anonymous_6)
FNDA:0,(anonymous_7)
DA:7,0
DA:8,0
DA:9,0
DA:12,0
DA:16,0
DA:17,0
DA:18,0
DA:19,0
DA:21,0
LF:9
LH:0
BRDA:17,0,0,0
BRDA:17,0,1,0
BRF:2
BRH:0
end_of_record
TN:
SF:src/utilities/auth/tokenStorage.ts
FN:22,(anonymous_0)
FN:33,(anonymous_1)
FN:40,(anonymous_2)
FNF:3
FNH:0
FNDA:0,(anonymous_0)
FNDA:0,(anonymous_1)
FNDA:0,(anonymous_2)
DA:1,0
DA:2,0
DA:5,0
DA:7,0
DA:13,0
DA:21,0
DA:23,0
DA:24,0
DA:25,0
DA:28,0
DA:29,0
DA:31,0
DA:34,0
DA:35,0
DA:37,0
DA:41,0
DA:42,0
DA:44,0
LF:18
LH:0
BRDA:25,0,0,0
BRDA:25,0,1,0
BRDA:29,1,0,0
BRDA:29,1,1,0
BRF:4
BRH:0
end_of_record
TN:
SF:src/utilities/auth/validators.ts
FNF:0
FNH:0
DA:3,1
DA:8,1
DA:14,1
DA:18,1
LF:4
LH:4
BRF:0
BRH:0
end_of_record
